C51 COMPILER V7.06   ___1_LED_                                                  05/13/2010 17:12:11 PAGE 1   


C51 COMPILER V7.06, COMPILATION OF MODULE ___1_LED_
OBJECT MODULE PLACED IN .\obj\ͬƵ˸1led.obj
COMPILER INVOKED BY: d:\Keil\C51\BIN\C51.EXE ͬƵ˸1led.c BROWSE DEBUG OBJECTEXTEND PRINT(.\obj\ͬƵ˸1
                    -led.lst) OBJECT(.\obj\ͬƵ˸1led.obj)

stmt level    source

   1          /*-----------------------------------------------
   2            ƣIOڸߵ͵ƽ
   3            ̳www.doflye.net
   4            дshifang
   5            ڣ2009.5
   6            ޸ģ
   7            ݣP1ڵ1LED˸
   8                  óǵƬѧϰģ
   9                          ͨ˽οƶ˿ڵĸߵ͵ƽ
  10          ------------------------------------------------*/
  11          #include<reg52.h> //ͷļһҪĶͷļ⹦ܼĴĶ
  12          
  13          sbit LED0=P1^0;// sbit ؼ  LEDP1.0˿ڣLEDԼⶨ׼ķ
  14          
  15          
  16          void Delay(unsigned int t); //
  17          /*------------------------------------------------
  18                              
  19          ------------------------------------------------*/
  20          void main (void)
  21          {
  22   1                        //˷ʹbitλԵ˿ڸֵ
  23   1      unsigned char i;  //һ޷ַ;ֲ i ȡֵΧ 0~255
  24   1      
  25   1      while (1)         //ѭ
  26   1        {
  27   2       for(i=0;i<10;i++)   // forѭforеĳѭִ10
  28   2        {
  29   3        LED0=0;            //P1.0ڸֵ 0͵ƽ
  30   3        Delay(5000);      //ʱ򣻸ʱֿԸʱȣڸı˸Ƶ
  31   3        LED0=1;            //P1.0ڸֵ 1ߵƽ
  32   3        Delay(5000);
  33   3        }
  34   2      
  35   2       for(i=0;i<10;i++)
  36   2        {
  37   3        LED0=0;            //P1.0ڸֵ 0͵ƽ
  38   3        Delay(60000);      //ʱ򣻸ʱֿԸʱȣڸı˸Ƶ
  39   3        LED0=1;            //P1.0ڸֵ 1ߵƽ
  40   3        Delay(60000);      
  41   3       }
  42   2                           //ѭҪһֱĳ
  43   2        }
  44   1      }/*------------------------------------------------
  45           ʱ unsigned int t޷ֵ
  46           unsigned int Ƕ޷αֵķΧ
  47           0~65535
  48          ------------------------------------------------*/
  49          void Delay(unsigned int t)
  50          {
  51   1       while(--t);
  52   1      }


C51 COMPILER V7.06   ___1_LED_                                                  05/13/2010 17:12:11 PAGE 2   

MODULE INFORMATION:   STATIC OVERLAYABLE
   CODE SIZE        =     72    ----
   CONSTANT SIZE    =   ----    ----
   XDATA SIZE       =   ----    ----
   PDATA SIZE       =   ----    ----
   DATA SIZE        =   ----       1
   IDATA SIZE       =   ----    ----
   BIT SIZE         =   ----    ----
END OF MODULE INFORMATION.


C51 COMPILATION COMPLETE.  0 WARNING(S),  0 ERROR(S)
