C51 COMPILER V7.06   音量                                                                  11/25/2011 20:59:53 PAGE 1   


C51 COMPILER V7.06, COMPILATION OF MODULE 音量
OBJECT MODULE PLACED IN .\obj\音量.obj
COMPILER INVOKED BY: C:\Keil\C51\BIN\C51.EXE source\音量.c BROWSE DEBUG OBJECTEXTEND PRINT(.\list\音量.lst) OBJECT(.\obj
                    -\音量.obj)

stmt level    source

   1          /*-----------------------------------------------
   2            名称：IIC协议 PCF8591ADDA转换
   3            论坛：www.doflye.net
   4            编写：shifang
   5            日期：2009.5
   6            修改：无
   7            内容：通过DA输出电压变化控制喇叭声音音量，P1.0用杜邦线连接J42 B1端子
   8                  J33插针OUT信号端用一根杜邦线连接到J51插针PWM/DAC Signal IN端子。本程序适用于LY-51S V2.2版本开发板
   9            现象：喇叭声音由弱到强连续变化。
  10          ------------------------------------------------*/
  11           #include<reg52.h>    //包含头文件，一般情况不需要改动，头文件包含特殊功能寄存器的定义
  12           #include <intrins.h> //包含NOP空指令函数_nop_();
  13          
  14           #define AddWr 0x90   //写数据地址 
  15           #define AddRd 0x91   //读数据地址
  16          
  17           
  18           sbit Sda=P2^1;       //定义总线连接端口 根据此定义连接杜邦线
  19           sbit Scl=P2^0;
  20           sbit spk=P1^2;       //喇叭端口
  21          
  22          
  23          /*------------------------------------------------
  24                              延时程序
  25          ------------------------------------------------*/
  26           void mDelay(unsigned char j)
  27           {
  28   1        unsigned int i;
  29   1        for(;j>0;j--)
  30   1           {
  31   2                for(i=0;i<125;i++)
  32   2                   {;}
  33   2                }
  34   1        }
  35          /*------------------------------------------------
  36                              初始化定时器1
  37          ------------------------------------------------*/
  38          void Init_Timer1(void)
  39          {
  40   1       TMOD |= 0x10;                       
  41   1       TH1=(65536-500)/256;       //初始化值
  42   1       TL1=(65536-500)%256;
  43   1       //PT1=1;                   //优先级
  44   1       EA=1;                      //中断使能
  45   1       ET1=1;                     //定时器中断使能
  46   1       TR1=1;                     //打开定时器
  47   1      } 
  48          /*------------------------------------------------
  49                              启动IIC总线
  50          ------------------------------------------------*/
  51            void Start(void)
  52            {
  53   1         Sda=1;
  54   1         _nop_();
C51 COMPILER V7.06   音量                                                                  11/25/2011 20:59:53 PAGE 2   

  55   1         Scl=1;
  56   1         _nop_();
  57   1         Sda=0;
  58   1         _nop_();
  59   1         Scl=0;
  60   1       }
  61          /*------------------------------------------------
  62                              停止IIC总线
  63          ------------------------------------------------*/
  64            void Stop(void)
  65            {
  66   1         Sda=0;
  67   1         _nop_();
  68   1         Scl=1;
  69   1         _nop_();
  70   1         Sda=1;
  71   1         _nop_();
  72   1         Scl=0;
  73   1         }
  74          
  75          
  76          /*------------------------------------------------
  77                             应答IIC总线
  78          ------------------------------------------------*/
  79             void Ack(void)
  80             {
  81   1          Sda=0;
  82   1              _nop_();
  83   1              Scl=1;
  84   1              _nop_();
  85   1              Scl=0;
  86   1              _nop_();
  87   1              }
  88          
  89          /*------------------------------------------------
  90                        发送一个字节
  91          ------------------------------------------------*/
  92                   void Send(unsigned char Data)
  93                   { 
  94   1                unsigned char BitCounter=8;
  95   1                unsigned char temp;
  96   1      
  97   1                do
  98   1                  {
  99   2                       temp=Data;
 100   2                       Scl=0;
 101   2                       _nop_();
 102   2                       if((temp&0x80)==0x80)
 103   2                          Sda=1;
 104   2                       else
 105   2                          Sda=0;
 106   2      
 107   2                              Scl=1;
 108   2                              temp=Data<<1;
 109   2                              Data=temp;
 110   2                              BitCounter--;
 111   2                        }
 112   1                while(BitCounter);
 113   1                    Scl=0;
 114   1                }
 115          
 116          
C51 COMPILER V7.06   音量                                                                  11/25/2011 20:59:53 PAGE 3   

 117          
 118          /*------------------------------------------------
 119                              写入DA数模转换值
 120          ------------------------------------------------*/
 121                    void DAC(unsigned char Data)
 122                    {
 123   1                         Start();
 124   1                         Send(AddWr); //写入芯片地址
 125   1                         Ack();
 126   1                         Send(0x40);  //写入控制位，使能DAC输出
 127   1                         Ack();
 128   1                         Send(Data);  //写数据
 129   1                         Ack();
 130   1                         Stop();
 131   1                       
 132   1                 }
 133          
 134          
 135          /*------------------------------------------------
 136                             主程序
 137          ------------------------------------------------*/
 138          void main()
 139                  {
 140   1               unsigned char num;   //DA数模输出变量
 141   1         
 142   1           Init_Timer1();
 143   1      
 144   1               while(1)
 145   1                    { 
 146   2                 DAC(num);       //DA输出，可以用LED模拟电压变化
 147   2                         num++;          //累加，到256后溢出变为0，往复循环。显示在LED上亮度逐渐变化
 148   2                         mDelay(20);     //延时用于清晰看出变化
 149   2                        
 150   2                 }
 151   1              }
 152          
 153          /*------------------------------------------------
 154                             定时器中断程序
 155          ------------------------------------------------*/
 156          void Timer1_isr(void) interrupt 3 using 1//定时器1
 157          {
 158   1      
 159   1       TH1=(65536-500)/256;//重装初始化值
 160   1       TL1=(65536-500)%256;
 161   1      
 162   1       spk=!spk;           //取反喇叭，产生固定频率方波，驱动喇叭发声
 163   1      
 164   1       
 165   1      }


MODULE INFORMATION:   STATIC OVERLAYABLE
   CODE SIZE        =    158    ----
   CONSTANT SIZE    =   ----    ----
   XDATA SIZE       =   ----    ----
   PDATA SIZE       =   ----    ----
   DATA SIZE        =   ----       1
   IDATA SIZE       =   ----    ----
   BIT SIZE         =   ----    ----
END OF MODULE INFORMATION.


C51 COMPILATION COMPLETE.  0 WARNING(S),  0 ERROR(S)
