C51 COMPILER V7.06   2402____һ__                                                      06/15/2010 23:19:14 PAGE 1   


C51 COMPILER V7.06, COMPILATION OF MODULE 2402____һ__
OBJECT MODULE PLACED IN .\obj\2402洢һ.obj
COMPILER INVOKED BY: d:\Keil\C51\BIN\C51.EXE 2402洢һ.c BROWSE DEBUG OBJECTEXTEND PRINT(.\obj\2402洢һ.l
                    -st) OBJECT(.\obj\2402洢һ.obj)

stmt level    source

   1          /*-----------------------------------------------
   2            ƣIICЭ EEPROM24c02 ȡ
   3            ̳www.doflye.net
   4            дshifang
   5            ޸ģ
   6            ݣ˳ڼEEPROMܣԷ£д24c02һݣȻڴиıЩݣ
   7                  ڴ潫ʧȥЩϢȻ24c02еЩݡǷдͬ
   8                          ǲʱķSCL,̶Ը߾ƵҪ һ޸....(1us
   9                          ,ƵҪС12MHZ)
  10          ------------------------------------------------*/  
  11            
  12                        
  13          #include <reg52.h>          //ͷļİ
  14          #include <intrins.h>
  15          
  16          #define  _Nop()  _nop_()        //ָ
  17          
  18          // ,
  19          
  20                                                        
  21          sbit SDA=P2^1;            //ģI2Cݴλ
  22          sbit SCL=P2^0;            //ģI2Cʱӿλ
  23          
  24                                    
  25          bit ack;                      //Ӧ־λ
  26             
  27          
  28          void DelayUs2x(unsigned char t);// 
  29          void DelayMs(unsigned char t);
  30          
  31          /*------------------------------------------------
  32           uSʱ unsigned char t޷ֵ
  33           unsigned char Ƕ޷ֵַķΧ
  34           0~255 ʹþ12Mȷʱʹû,ʱ
  35            T=tx2+5 uS 
  36          ------------------------------------------------*/
  37          void DelayUs2x(unsigned char t)
  38          {   
  39   1       while(--t);
  40   1      }
  41          /*------------------------------------------------
  42           mSʱ unsigned char t޷ֵ
  43           unsigned char Ƕ޷ֵַķΧ
  44           0~255 ʹþ12Mȷʱʹû
  45          ------------------------------------------------*/
  46          void DelayMs(unsigned char t)
  47          {
  48   1           
  49   1       while(t--)
  50   1       {
  51   2           //ʱ1mS
  52   2           DelayUs2x(245);
  53   2               DelayUs2x(245);
  54   2       }
C51 COMPILER V7.06   2402____һ__                                                      06/15/2010 23:19:14 PAGE 2   

  55   1      }
  56          
  57          /*------------------------------------------------
  58                              
  59          ------------------------------------------------*/
  60          void Start_I2c()
  61          {
  62   1        SDA=1;   //ʼź
  63   1        _Nop();
  64   1        SCL=1;
  65   1        _Nop();    //ʼʱ4.7us,ʱ
  66   1        _Nop();
  67   1        _Nop();
  68   1        _Nop();
  69   1        _Nop();    
  70   1        SDA=0;     //ʼź
  71   1        _Nop();    //ʼʱ4
  72   1        _Nop();
  73   1        _Nop();
  74   1        _Nop();
  75   1        _Nop();       
  76   1        SCL=0;    //ǯסI2Cߣ׼ͻ
  77   1        _Nop();
  78   1        _Nop();
  79   1      }
  80          /*------------------------------------------------
  81                              
  82          ------------------------------------------------*/
  83          void Stop_I2c()
  84          {
  85   1        SDA=0;    //ͽź
  86   1        _Nop();   //ͽʱź
  87   1        SCL=1;    //ʱ4
  88   1        _Nop();
  89   1        _Nop();
  90   1        _Nop();
  91   1        _Nop();
  92   1        _Nop();
  93   1        SDA=1;    //I2C߽ź
  94   1        _Nop();
  95   1        _Nop();
  96   1        _Nop();
  97   1        _Nop();
  98   1      }
  99          
 100          
 101          
 102          
 103          /*----------------------------------------------------------------
 104                           ֽݴͺ               
 105          ԭ: void  SendByte(unsigned char c);
 106          :  cͳȥ,ǵַ,Ҳ,ȴӦ,
 107               ״̬λв.(ӦӦʹack=0 )     
 108               ack=1; ack=0ʾӦ𻵡
 109          ------------------------------------------------------------------*/
 110          void  SendByte(unsigned char c)
 111          {
 112   1       unsigned char BitCnt;
 113   1       
 114   1       for(BitCnt=0;BitCnt<8;BitCnt++)  //Ҫ͵ݳΪ8λ
 115   1          {
 116   2           if((c<<BitCnt)&0x80)SDA=1;   //жϷλ
C51 COMPILER V7.06   2402____һ__                                                      06/15/2010 23:19:14 PAGE 3   

 117   2             else  SDA=0;                
 118   2           _Nop();
 119   2           SCL=1;               //ʱΪߣ֪ͨʼλ
 120   2            _Nop(); 
 121   2            _Nop();             //֤ʱӸߵƽڴ4
 122   2            _Nop();
 123   2            _Nop();
 124   2            _Nop();         
 125   2           SCL=0; 
 126   2          }
 127   1          
 128   1          _Nop();
 129   1          _Nop();
 130   1          SDA=1;               //8λͷߣ׼Ӧλ
 131   1          _Nop();
 132   1          _Nop();   
 133   1          SCL=1;
 134   1          _Nop();
 135   1          _Nop();
 136   1          _Nop();
 137   1          if(SDA==1)ack=0;     
 138   1             else ack=1;        //жǷյӦź
 139   1          SCL=0;
 140   1          _Nop();
 141   1          _Nop();
 142   1      }
 143          
 144          
 145          
 146          
 147          
 148          
 149          
 150          /*----------------------------------------------------------------
 151                           ֽݴͺ               
 152          ԭ: unsigned char  RcvByte();
 153          :  մ,жߴ(Ӧź)
 154               Ӧ  
 155          ------------------------------------------------------------------*/    
 156          unsigned char  RcvByte()
 157          {
 158   1        unsigned char retc;
 159   1        unsigned char BitCnt;
 160   1        
 161   1        retc=0; 
 162   1        SDA=1;             //Ϊ뷽ʽ
 163   1        for(BitCnt=0;BitCnt<8;BitCnt++)
 164   1            {
 165   2              _Nop();           
 166   2              SCL=0;       //ʱΪͣ׼λ
 167   2              _Nop();
 168   2              _Nop();      //ʱӵ͵ƽڴ4.7us
 169   2              _Nop();
 170   2              _Nop();
 171   2              _Nop();
 172   2              SCL=1;       //ʱΪʹЧ
 173   2              _Nop();
 174   2              _Nop();
 175   2              retc=retc<<1;
 176   2              if(SDA==1)retc=retc+1; //λ,յλretc
 177   2              _Nop();
 178   2              _Nop(); 
C51 COMPILER V7.06   2402____һ__                                                      06/15/2010 23:19:14 PAGE 4   

 179   2            }
 180   1        SCL=0;    
 181   1        _Nop();
 182   1        _Nop();
 183   1        return(retc);
 184   1      }
 185          
 186          
 187          
 188          /*----------------------------------------------------------------
 189                               ӦӺ
 190          ԭ:  void Ack_I2c(void);
 191           
 192          ----------------------------------------------------------------*/
 193          void Ack_I2c(void)
 194          {
 195   1        
 196   1        SDA=0;     
 197   1        _Nop();
 198   1        _Nop();
 199   1        _Nop();      
 200   1        SCL=1;
 201   1        _Nop();
 202   1        _Nop();              //ʱӵ͵ƽڴ4
 203   1        _Nop();
 204   1        _Nop();
 205   1        _Nop();  
 206   1        SCL=0;               //ʱߣǯסI2CԱ
 207   1        _Nop();
 208   1        _Nop();    
 209   1      }
 210          /*----------------------------------------------------------------
 211                               ӦӺ
 212          ԭ:  void NoAck_I2c(void);
 213           
 214          ----------------------------------------------------------------*/
 215          void NoAck_I2c(void)
 216          {
 217   1        
 218   1        SDA=1;
 219   1        _Nop();
 220   1        _Nop();
 221   1        _Nop();      
 222   1        SCL=1;
 223   1        _Nop();
 224   1        _Nop();              //ʱӵ͵ƽڴ4
 225   1        _Nop();
 226   1        _Nop();
 227   1        _Nop();  
 228   1        SCL=0;                //ʱߣǯסI2CԱ
 229   1        _Nop();
 230   1        _Nop();    
 231   1      }
 232          
 233          
 234          
 235          
 236          
 237          
 238          /*----------------------------------------------------------------
 239                              ӵַֽݺ               
 240          ԭ: bit  ISendByte(unsigned char sla,ucahr c);  
C51 COMPILER V7.06   2402____һ__                                                      06/15/2010 23:19:14 PAGE 5   

 241          :     ߵ͵ַݣߵȫ,ַsla.
 242                     1ʾɹ
 243          ע⣺    ʹǰѽߡ
 244          ----------------------------------------------------------------*/
 245          /*bit ISendByte(unsigned char sla,unsigned char c)
 246          {
 247             Start_I2c();               //
 248             SendByte(sla);             //ַ
 249               if(ack==0)return(0);
 250             SendByte(c);               //
 251               if(ack==0)return(0);
 252            Stop_I2c();                 //
 253            return(1);
 254          }
 255          */
 256          
 257          /*----------------------------------------------------------------
 258                              ӵַͶֽݺ               
 259          ԭ: bit  ISendStr(unsigned char sla,unsigned char suba,ucahr *s,unsigned char no);  
 260          :     ߵ͵ַӵַ,ݣߵȫ,
 261                    ַslaӵַsubasָݣnoֽڡ
 262                     1ʾɹ
 263          ע⣺    ʹǰѽߡ
 264          ----------------------------------------------------------------*/
 265          bit ISendStr(unsigned char sla,unsigned char suba,unsigned char *s,unsigned char no)
 266          {
 267   1         unsigned char i;
 268   1      
 269   1         Start_I2c();               //
 270   1         SendByte(sla);             //ַ
 271   1           if(ack==0)return(0);
 272   1         SendByte(suba);            //ӵַ
 273   1           if(ack==0)return(0);
 274   1      
 275   1         for(i=0;i<no;i++)
 276   1          {   
 277   2           SendByte(*s);            //
 278   2             if(ack==0)return(0);
 279   2           s++;
 280   2          } 
 281   1       Stop_I2c();                  //
 282   1        return(1);
 283   1      }
 284          
 285          /*----------------------------------------------------------------
 286                              ӵַֽݺ               
 287          ԭ: bit  IRcvByte(unsigned char sla,ucahr *c);  
 288          :     ߵ͵ַݣߵȫ,
 289                    ַslaֵc.
 290                     1ʾɹ
 291          ע⣺    ʹǰѽߡ
 292          ----------------------------------------------------------------*/
 293          /*bit IRcvByte(unsigned char sla,unsigned char *c)
 294          {
 295             Start_I2c();                //
 296             SendByte(sla+1);            //ַ
 297               if(ack==0)return(0);
 298             *c=RcvByte();               //ȡ
 299               NoAck_I2c();              //ͷǾʹλ
 300               Stop_I2c();               //
 301            return(1);
 302          }
C51 COMPILER V7.06   2402____һ__                                                      06/15/2010 23:19:14 PAGE 6   

 303          
 304          */
 305          /*----------------------------------------------------------------
 306                              ӵַȡֽݺ               
 307          ԭ: bit  ISendStr(unsigned char sla,unsigned char suba,ucahr *s,unsigned char no);  
 308          :     ߵ͵ַӵַ,ݣߵȫ,
 309                    ַslaӵַsubaݷsָĴ洢noֽڡ
 310                     1ʾɹ
 311          ע⣺    ʹǰѽߡ
 312          ----------------------------------------------------------------*/
 313          bit IRcvStr(unsigned char sla,unsigned char suba,unsigned char *s,unsigned char no)
 314          {
 315   1         unsigned char i;
 316   1      
 317   1         Start_I2c();               //
 318   1         SendByte(sla);             //ַ
 319   1           if(ack==0)return(0);
 320   1         SendByte(suba);            //ӵַ
 321   1           if(ack==0)return(0);
 322   1      
 323   1         Start_I2c();
 324   1         SendByte(sla+1);
 325   1            if(ack==0)return(0);
 326   1      
 327   1         for(i=0;i<no-1;i++)
 328   1          {   
 329   2           *s=RcvByte();              //
 330   2            Ack_I2c();                //;ʹλ 
 331   2           s++;
 332   2          } 
 333   1         *s=RcvByte();
 334   1          NoAck_I2c();                 //ͷӦλ
 335   1         Stop_I2c();                    //
 336   1        return(1);
 337   1      }
 338          /*------------------------------------------------
 339                              
 340          ------------------------------------------------*/
 341          void main()
 342                  {
 343   1               unsigned char doflye;                      // ʱ
 344   1               unsigned char i;
 345   1               
 346   1               IRcvStr(0xae,4,&doflye,1);                  //ô洢
 347   1               
 348   1               while(1)
 349   1                    {  
 350   2                        P1=doflye;                            //ֵöʾֱ8LEDʾ
 351   2                for(i=0;i<5;i++)   
 352   2                    DelayMs(200);
 353   2                doflye++;                             //1sӱԼ1ıֵ洢24c02
 354   2                                                      //´οʱʾǰֵ
 355   2                ISendStr(0xae,4,&doflye,1);                   //д24c02
 356   2                        }
 357   1       }
 358          
 359          
 360          
 361          


MODULE INFORMATION:   STATIC OVERLAYABLE
C51 COMPILER V7.06   2402____һ__                                                      06/15/2010 23:19:14 PAGE 7   

   CODE SIZE        =    384    ----
   CONSTANT SIZE    =   ----    ----
   XDATA SIZE       =   ----    ----
   PDATA SIZE       =   ----    ----
   DATA SIZE        =   ----      13
   IDATA SIZE       =   ----    ----
   BIT SIZE         =      1    ----
END OF MODULE INFORMATION.


C51 COMPILATION COMPLETE.  0 WARNING(S),  0 ERROR(S)
