C51 COMPILER V7.06   99秒累加                                                              06/15/2010 17:59:57 PAGE 1   


C51 COMPILER V7.06, COMPILATION OF MODULE 99秒累加
OBJECT MODULE PLACED IN .\obj\99秒累加.obj
COMPILER INVOKED BY: d:\Keil\C51\BIN\C51.EXE 99秒累加.c BROWSE DEBUG OBJECTEXTEND PRINT(.\obj\99秒累加.lst) OBJECT(.\obj
                    -\99秒累加.obj)

stmt level    source

   1          /*-----------------------------------------------
   2            名称：2位数码管动态扫描显示变化数据
   3            论坛：www.doflye.net
   4            编写：shifang
   5            日期：2009.5
   6            修改：无
   7            内容：2位数码管分别显示不同数字，这种扫描显示方式成为动态扫描，并不停变化赋值
   8          ------------------------------------------------*/
   9          #include<reg52.h> //包含头文件，一般情况不需要改动，头文件包含特殊功能寄存器的定义
  10          
  11          #define DataPort P0 //定义数据端口 程序中遇到DataPort 则用P0 替换
  12          sbit LATCH1=P2^2;//定义锁存使能端口 段锁存
  13          sbit LATCH2=P2^3;//                 位锁存
  14          
  15          unsigned char code dofly_DuanMa[10]={0x3f,0x06,0x5b,0x4f,0x66,0x6d,0x7d,0x07,0x7f,0x6f};// 显示段码值0~9
  16          unsigned char code dofly_WeiMa[]={0xfe,0xfd,0xfb,0xf7,0xef,0xdf,0xbf,0x7f};//分别对应相应的数码管点亮,即位
             -码
  17          unsigned char TempData[8]; //存储显示值的全局变量
  18          void Delay(unsigned int t); //函数声明
  19          void Display(unsigned char FirstBit,unsigned char Num);
  20          /*------------------------------------------------
  21                              主函数
  22          ------------------------------------------------*/
  23          main()
  24          {
  25   1       unsigned char num;
  26   1       unsigned int j;
  27   1       while(1)
  28   1            {
  29   2                 j++;
  30   2                 if(j==500)  //检测当前数值显示了一小段时间后，需要显示的数值加1，实现数据显示的变化
  31   2                   {
  32   3                        j=0;
  33   3                        num++;
  34   3                        if(num==100)//用于显示0~99
  35   3                          num=0;
  36   3      
  37   3                       }
  38   2                 TempData[0]=dofly_DuanMa[num/10];//分解显示信息，如要显示68，则68/10=6  68%10=8  
  39   2                 TempData[1]=dofly_DuanMa[num%10];
  40   2                 Display(2,2);
  41   2            }
  42   1      }
  43          /*------------------------------------------------
  44           延时函数，含有输入参数 unsigned int t，无返回值
  45           unsigned int 是定义无符号整形变量，其值的范围是
  46           0~65535
  47          ------------------------------------------------*/
  48          void Delay(unsigned int t)
  49          {
  50   1       while(--t);
  51   1      }
  52          /*------------------------------------------------
  53           显示函数，用于动态扫描数码管
C51 COMPILER V7.06   99秒累加                                                              06/15/2010 17:59:57 PAGE 2   

  54           输入参数 FirstBit 表示需要显示的第一位，如赋值2表示从第三个数码管开始显示
  55           如输入0表示从第一个显示。
  56           Num表示需要显示的位数，如需要显示99两位数值则该值输入2
  57          ------------------------------------------------*/
  58          void Display(unsigned char FirstBit,unsigned char Num)
  59          {
  60   1            unsigned char i;
  61   1                
  62   1                for(i=0;i<Num;i++)
  63   1                 { 
  64   2                 DataPort=0;   //清空数据，防止有交替重影
  65   2             LATCH1=1;     //段锁存
  66   2             LATCH1=0;
  67   2      
  68   2             DataPort=dofly_WeiMa[i+FirstBit]; //取位码 
  69   2             LATCH2=1;     //位锁存
  70   2             LATCH2=0;
  71   2      
  72   2             DataPort=TempData[i]; //取显示数据，段码
  73   2             LATCH1=1;     //段锁存
  74   2             LATCH1=0;
  75   2             
  76   2                 Delay(200); // 扫描间隙延时，时间太长会闪烁，太短会造成重影
  77   2      
  78   2             }
  79   1      
  80   1      }


MODULE INFORMATION:   STATIC OVERLAYABLE
   CODE SIZE        =    123    ----
   CONSTANT SIZE    =     18    ----
   XDATA SIZE       =   ----    ----
   PDATA SIZE       =   ----    ----
   DATA SIZE        =      8       3
   IDATA SIZE       =   ----    ----
   BIT SIZE         =   ----    ----
END OF MODULE INFORMATION.


C51 COMPILATION COMPLETE.  0 WARNING(S),  0 ERROR(S)
