C51 COMPILER V7.06   右移                                                                  05/13/2010 20:44:10 PAGE 1   


C51 COMPILER V7.06, COMPILATION OF MODULE 右移
OBJECT MODULE PLACED IN 右移.OBJ
COMPILER INVOKED BY: d:\Keil\C51\BIN\C51.EXE 右移.c BROWSE DEBUG OBJECTEXTEND PRINT(.\obj\右移.lst)

stmt level    source

   1          /*-----------------------------------------------
   2            名称：IO口高低电平控制
   3            论坛：www.doflye.net
   4            编写：shifang
   5            日期：2009.5
   6            修改：无
   7            内容：右移，直至LED全部点亮，右移符号 >>
   8          
   9          ------------------------------------------------*/
  10          #include<reg52.h> //包含头文件，一般情况不需要改动，头文件包含特殊功能寄存器的定义
  11          
  12          
  13          void Delay(unsigned int t); //函数声明
  14          
  15          /*------------------------------------------------
  16                              主函数
  17          ------------------------------------------------*/
  18          void main (void)
  19          {
  20   1                        //此方法使用bit位对单个端口赋值
  21   1      unsigned char i;  //定义一个无符号字符型局部变量 i 取值范围 0~255
  22   1      Delay(50000);
  23   1      P1=0x7f;           //赋初始值
  24   1      for(i=0;i<8;i++)   //加入 for循环，表明for循环大括号中的程序循环执行10次
  25   1        {
  26   2         Delay(50000);
  27   2         P1>>=1;
  28   2        }
  29   1      while (1)         //主循环
  30   1        {
  31   2                         //主循环中添加其他需要一直工作的程序
  32   2        }
  33   1      }/*------------------------------------------------
  34           延时函数，含有输入参数 unsigned int t，无返回值
  35           unsigned int 是定义无符号整形变量，其值的范围是
  36           0~65535
  37          ------------------------------------------------*/
  38          void Delay(unsigned int t)
  39          {
  40   1       while(--t);
  41   1      }


MODULE INFORMATION:   STATIC OVERLAYABLE
   CODE SIZE        =     47    ----
   CONSTANT SIZE    =   ----    ----
   XDATA SIZE       =   ----    ----
   PDATA SIZE       =   ----    ----
   DATA SIZE        =   ----       1
   IDATA SIZE       =   ----    ----
   BIT SIZE         =   ----    ----
END OF MODULE INFORMATION.


C51 COMPILATION COMPLETE.  0 WARNING(S),  0 ERROR(S)
