C51 COMPILER V7.06   __º¸12864_‘ _                                                         06/14/2010 17:16:33 PAGE 1   


C51 COMPILER V7.06, COMPILATION OF MODULE __º¸12864_‘ _
OBJECT MODULE PLACED IN .\obj\∞¥º¸12864œ‘ æ.obj
COMPILER INVOKED BY: d:\Keil\C51\BIN\C51.EXE ∞¥º¸12864œ‘ æ.c BROWSE DEBUG OBJECTEXTEND PRINT(.\obj\∞¥º¸12864œ‘ æ.lst) OB
                    -JECT(.\obj\∞¥º¸12864œ‘ æ.obj)

stmt level    source

   1          /*-----------------------------------------------
   2            √˚≥∆£∫∞¥º¸≤‚ ‘µ•∏ˆ≤Àµ•œ‘ æ
   3            ¬€Ã≥£∫www.doflye.net
   4            ±‡–¥£∫shifang
   5            »’∆⁄£∫2009.5
   6            –ﬁ∏ƒ£∫Œﬁ
   7            ƒ⁄»›£∫µ•∏ˆ≤Àµ•£¨∂‡“≥œ‘ æ£¨≤ª¥¯◊”≤Àµ•
   8          ------------------------------------------------*/
   9          #include <reg52.h>
  10          #include <intrins.h>
  11          #include "delay.h"
  12          
  13          sbit RS = P2^4;
  14          sbit RW = P2^5;
  15          sbit E  = P2^6;
  16          sbit RES = P2^3;
  17          sbit PSB = P2^1;
  18          sbit PAUSE = P3^0;
  19          
  20          #define DataPort P0        //µ•∆¨ª˙ P0<------> “∫æßDB0-DB7
  21          
  22          sbit KEY_ADD=P3^3;         //∂®“Â∞¥º¸ ‰»Î∂Àø⁄
  23          sbit KEY_DEC=P3^4;
  24          
  25          unsigned char curr,currold;//»´æ÷±‰¡ø£¨µ±«∞º˝Õ∑Œª÷√
  26          
  27          unsigned char code user16x16[]={ //º˝Õ∑Õº∆¨
  28          0x00,0x00,0x20,0x00,0x30,0x00,0x38,0x00,0x3C,0x00,0x3E,0x00,0x3F,0x00,0x3F,0x80,
  29          0x3F,0xC0,0x3F,0x80,0x3F,0x00,0x3E,0x00,0x3C,0x00,0x38,0x00,0x30,0x00,0x20,0x00,
  30          
  31          };
  32          unsigned char code *MainMenu[]=
  33          {
  34          {"  1.…Ë÷√1"},
  35          {"  2.…Ë÷√2"},
  36          {"  3.…Ë÷√3"},
  37          {"  4.…Ë÷√4"},
  38          {"  5.…Ë÷√5"},
  39          {"  6.…Ë÷√6"},
  40          {"  7.…Ë÷√7"},
  41          {"  8.…Ë÷√8"},
  42          {"  9.…Ë÷√9"},
  43          {"  10. …Ë÷√10"},
  44          };
  45          /*------------------------------------------------
  46                              ºÏ≤‚√¶Œª
  47          ------------------------------------------------*/
  48          void Check_Busy()
  49          {  
  50   1          RS=0;
  51   1          RW=1;
  52   1          E=1;
  53   1          DataPort=0xff;
  54   1          while((DataPort&0x80)==0x80);//√¶‘Úµ»¥˝
C51 COMPILER V7.06   __º¸12864_‘ _                                                         06/14/2010 17:16:33 PAGE 2   

  55   1          E=0;
  56   1      }
  57          /*------------------------------------------------
  58                             –¥√¸¡Ó
  59          ------------------------------------------------*/
  60          void Write_Cmd(unsigned char Cmd)
  61          {
  62   1              Check_Busy();
  63   1              RS=0;
  64   1              RW=0;
  65   1              E=1;
  66   1              DataPort=Cmd;
  67   1              DelayUs2x(5);
  68   1              E=0;
  69   1              DelayUs2x(5);
  70   1      }
  71          /*------------------------------------------------
  72                              –¥ ˝æ›
  73          ------------------------------------------------*/
  74          void Write_Data(unsigned char Data)
  75          {
  76   1              Check_Busy();
  77   1              RS=1;
  78   1              RW=0;
  79   1              E=1;
  80   1              DataPort=Data;
  81   1              DelayUs2x(5);
  82   1              E=0;
  83   1              DelayUs2x(5);
  84   1      }
  85          /*------------------------------------------------
  86                             “∫æß∆¡≥ı ºªØ
  87          ------------------------------------------------*/
  88          void Init_ST7920()
  89          {  
  90   1         DelayMs(40);           //¥Û”⁄40MSµƒ—” ±≥Ã–Ú
  91   1         PSB=1;                 //…Ë÷√Œ™8BIT≤¢ø⁄π§◊˜ƒ£ Ω
  92   1         DelayMs(1);            //—” ±
  93   1         RES=0;                 //∏¥Œª
  94   1         DelayMs(1);            //—” ±
  95   1         RES=1;                 //∏¥Œª÷√∏ﬂ
  96   1         DelayMs(10);
  97   1         Write_Cmd(0x30);       //—°‘Òª˘±æ÷∏¡ÓºØ
  98   1         DelayUs2x(50);         //—” ±¥Û”⁄100us
  99   1         Write_Cmd(0x30);       //—°‘Ò8bit ˝æ›¡˜
 100   1         DelayUs2x(20);         //—” ±¥Û”⁄37us
 101   1         Write_Cmd(0x0c);       //ø™œ‘ æ(Œﬁ”Œ±Í°¢≤ª∑¥∞◊)
 102   1         DelayUs2x(50);         //—” ±¥Û”⁄100us
 103   1         Write_Cmd(0x01);       //«Â≥˝œ‘ æ£¨≤¢«“…Ë∂®µÿ÷∑÷∏’ÎŒ™00H
 104   1         DelayMs(15);           //—” ±¥Û”⁄10ms
 105   1         Write_Cmd(0x06);       //÷∏∂®‘⁄◊ ¡œµƒ∂¡»°º∞–¥»Î ±£¨…Ë∂®”Œ±Íµƒ“∆∂Ø∑ΩœÚº∞÷∏∂®œ‘ æµƒ“∆Œª£¨π‚±Í¥””“œÚ◊Ûº”1Œ
             -ª“∆∂Ø
 106   1         DelayUs2x(50);         //—” ±¥Û”⁄100us
 107   1      }
 108          /*------------------------------------------------
 109                             ”√ªß◊‘∂®“Â◊÷∑˚
 110          ------------------------------------------------*/
 111          void CGRAM()
 112          { 
 113   1           int i;
 114   1           Write_Cmd(0x30); 
 115   1           Write_Cmd(0x40);
C51 COMPILER V7.06   __º¸12864_‘ _                                                         06/14/2010 17:16:33 PAGE 3   

 116   1           for(i=0;i<16;i++)
 117   1             {
 118   2                  Write_Data(user16x16[i*2]);
 119   2              Write_Data(user16x16[i*2+1]);
 120   2            }
 121   1      }   
 122          /*------------------------------------------------
 123                             œ‘ æ”√ªß◊‘∂®“Â◊÷∑˚
 124          ------------------------------------------------*/
 125          void DisplayCGRAM(unsigned char x,unsigned char y)
 126          { 
 127   1       switch(y)
 128   1           {
 129   2                case 1: Write_Cmd(0x80+x);break;
 130   2                case 2: Write_Cmd(0x90+x);break;
 131   2                case 3: Write_Cmd(0x88+x);break;
 132   2                case 4: Write_Cmd(0x98+x);break;
 133   2            default:break;
 134   2               }
 135   1          Write_Data(00);
 136   1          Write_Data(00);
 137   1      
 138   1      }         
 139          /*------------------------------------------------
 140                             œ‘ æ◊÷∑˚¥Æ
 141          x:∫·◊¯±Í÷µ£¨∑∂Œß0~8
 142          y:◊›◊¯±Í÷µ£¨∑∂Œß1~4
 143          ------------------------------------------------*/
 144          void LCD_PutString(unsigned char x,unsigned char y,unsigned char code *s)
 145          { 
 146   1       switch(y)
 147   1           {
 148   2                case 1: Write_Cmd(0x80+x);break;
 149   2                case 2: Write_Cmd(0x90+x);break;
 150   2                case 3: Write_Cmd(0x88+x);break;
 151   2                case 4: Write_Cmd(0x98+x);break;
 152   2            default:break;
 153   2               }
 154   1       while(*s>0)
 155   1         { 
 156   2            Write_Data(*s);
 157   2            s++;
 158   2            DelayUs2x(50);
 159   2         }
 160   1      }
 161          /*------------------------------------------------
 162                                «Â∆¡
 163          ------------------------------------------------*/
 164          void ClrScreen()
 165          { 
 166   1         Write_Cmd(0x01);
 167   1         DelayMs(15);
 168   1      }
 169                  
 170          /*------------------------------------------------
 171                             œ‘ æÕº∆¨
 172          ------------------------------------------------*/
 173          /*void LCD_PutGraphic(unsigned char code *img)
 174          { 
 175           int i,j;
 176          //œ‘ æ…œ∞Î∆¡ƒ⁄»›…Ë÷√
 177             for(i=0;i<32;i++)            
C51 COMPILER V7.06   __º¸12864_‘ _                                                         06/14/2010 17:16:33 PAGE 4   

 178              { 
 179                Write_Cmd(0x80 + i); //SET  ¥π÷±µÿ÷∑ VERTICAL ADD
 180                Write_Cmd(0x80);     //SET  ÀÆ∆Ωµÿ÷∑ HORIZONTAL ADD
 181                for(j=0;j<16;j++)
 182                 {
 183                   Write_Data(*img);
 184                   img++;
 185                 }
 186              }
 187          //œ‘ æœ¬∞Î∆¡ƒ⁄»›…Ë÷√
 188             for(i=0;i<32;i++)            
 189              {
 190                Write_Cmd(0x80 + i); //SET ¥π÷±µÿ÷∑ VERTICAL ADD
 191                Write_Cmd(0x88);     //SET ÀÆ∆Ωµÿ÷∑ HORIZONTAL ADD
 192                for(j=0;j<16;j++)
 193                 {
 194                   Write_Data(*img);
 195                   img++;
 196                 }
 197              }  
 198                     
 199          }*/
 200          /*------------------------------------------------
 201                           …Ë÷√µΩªÊÕºƒ£ Ω
 202          ------------------------------------------------*/
 203          /*void SetGraphicMode()
 204          { 
 205             Write_Cmd(0x36);       //—°‘Ò8bit ˝æ›¡˜ Õº–Œƒ£ Ω
 206             DelayUs2x(20);
 207          
 208          }*/
 209          /*------------------------------------------------
 210                           µ˜”√œ‘ æ∏¸–¬
 211          ------------------------------------------------*/
 212          void DisplayUpdata(void)
 213          {   
 214   1          unsigned char num;
 215   1              ClrScreen();
 216   1              num=sizeof(MainMenu)/sizeof(MainMenu[0]);//≈–∂œ ˝◊È÷– ˝÷µ∏ˆ ˝
 217   1              if((0+(curr/4)*4)<num)
 218   1            LCD_PutString(0,1,MainMenu[0+(curr/4)*4]);
 219   1              else                                    //»Áπ˚≥¨≥ˆ ˝◊È◊Ó¥Û‘™Àÿ£¨‘Ú–¥ø’–≈œ¢£¨≤ª≈–∂œ¥À–≈œ¢ø…ƒ‹ª·≥ˆœ÷¬“¬Î 
 220   1                LCD_PutString(0,1,"");
 221   1              if((1+(curr/4)*4)<num)
 222   1                LCD_PutString(0,2,MainMenu[1+(curr/4)*4]);
 223   1              else
 224   1                LCD_PutString(0,2,"");
 225   1              if((2+(curr/4)*4)<num)
 226   1                LCD_PutString(0,3,MainMenu[2+(curr/4)*4]);
 227   1              else
 228   1                LCD_PutString(0,3,"");
 229   1              if((3+(curr/4)*4)<num)
 230   1                LCD_PutString(0,4,MainMenu[3+(curr/4)*4]);
 231   1              else
 232   1                LCD_PutString(0,4,"");
 233   1              DisplayCGRAM(0,curr%4+1); 
 234   1      }
 235          /*------------------------------------------------
 236                           ÷˜≥Ã–Ú
 237          ------------------------------------------------*/
 238          main()
 239          {
C51 COMPILER V7.06   __º¸12864_‘ _                                                         06/14/2010 17:16:33 PAGE 5   

 240   1      
 241   1        Init_ST7920();   //≥ı ºªØ
 242   1        CGRAM();     //–¥»Î◊‘∂®“Â◊÷∑˚ 
 243   1        DisplayUpdata();
 244   1         while(1)
 245   1         { 
 246   2            
 247   2          
 248   2       if(curr!=currold) //π‚±ÍŒª÷√±‰ªØ£¨‘Ú∏¸–¬œ‘ æ
 249   2              {
 250   3          DisplayUpdata();
 251   3              currold=curr;
 252   3              } 
 253   2              
 254   2       if(!KEY_ADD)  //»Áπ˚ºÏ≤‚µΩµÕµÁ∆Ω£¨Àµ√˜∞¥º¸∞¥œ¬
 255   2          {
 256   3               DelayMs(10); //—” ±»•∂∂£¨“ª∞„10-20ms
 257   3           if(!KEY_ADD)     //‘Ÿ¥Œ»∑»œ∞¥º¸ «∑Ò∞¥œ¬£¨√ª”–∞¥œ¬‘ÚÕÀ≥ˆ
 258   3                 {
 259   4              while(!KEY_ADD);//»Áπ˚»∑»œ∞¥œ¬∞¥º¸µ»¥˝∞¥º¸ Õ∑≈£¨√ª”– Õ∑≈‘Ú“ª÷±µ»¥˝
 260   4                     {
 261   5                         if(curr<sizeof(MainMenu)/sizeof(MainMenu[0])-1)//≈–∂œ ˝◊È÷– ˝÷µ∏ˆ ˝
 262   5                           {
 263   6                                curr++;
 264   6                    }
 265   5                              }
 266   4                 }
 267   3              }
 268   2      
 269   2       if(!KEY_DEC)  //»Áπ˚ºÏ≤‚µΩµÕµÁ∆Ω£¨Àµ√˜∞¥º¸∞¥œ¬
 270   2          {
 271   3               DelayMs(10); //—” ±»•∂∂£¨“ª∞„10-20ms
 272   3           if(!KEY_DEC)     //‘Ÿ¥Œ»∑»œ∞¥º¸ «∑Ò∞¥œ¬£¨√ª”–∞¥œ¬‘ÚÕÀ≥ˆ
 273   3                 {
 274   4              while(!KEY_DEC);//»Áπ˚»∑»œ∞¥œ¬∞¥º¸µ»¥˝∞¥º¸ Õ∑≈£¨√ª”– Õ∑≈‘Ú“ª÷±µ»¥˝
 275   4                     {
 276   5                     if(curr>0)
 277   5                           {
 278   6                                curr--;
 279   6      
 280   6                    }
 281   5                         }
 282   4                 }
 283   3              }  
 284   2        }
 285   1      }
 286          


MODULE INFORMATION:   STATIC OVERLAYABLE
   CODE SIZE        =    670    ----
   CONSTANT SIZE    =    136    ----
   XDATA SIZE       =   ----    ----
   PDATA SIZE       =   ----    ----
   DATA SIZE        =     22       7
   IDATA SIZE       =   ----    ----
   BIT SIZE         =   ----    ----
END OF MODULE INFORMATION.


C51 COMPILATION COMPLETE.  0 WARNING(S),  0 ERROR(S)
