C51 COMPILER V8.02   1602                                                                  09/18/2010 23:36:19 PAGE 1   


C51 COMPILER V8.02, COMPILATION OF MODULE 1602
OBJECT MODULE PLACED IN .\obj\1602.obj
COMPILER INVOKED BY: C:\Keil\C51\BIN\C51.EXE 1602.c BROWSE DEBUG OBJECTEXTEND PRINT(.\obj\1602.lst) OBJECT(.\obj\1602.ob
                    -j)

line level    source

   1          /*-----------------------------------------------
   2            名称：LCD1602
   3            论坛：www.doflye.net
   4            编写：shifang
   5            日期：2009.5
   6            修改：无
   7            内容：
   8            引脚定义如下：1-VSS 2-VDD 3-V0 4-RS 5-R/W 6-E 7-14 DB0-DB7 15-BLA 16-BLK
   9          ------------------------------------------------*/
  10          #include "1602.h"
  11          #include "delay.h"
  12          
  13          sbit RS = P2^4;   //定义端口 
  14          sbit RW = P2^5;
  15          sbit EN = P2^6;
  16          
  17          #define RS_CLR RS=0 
  18          #define RS_SET RS=1
  19          
  20          #define RW_CLR RW=0 
  21          #define RW_SET RW=1 
  22          
  23          #define EN_CLR EN=0
  24          #define EN_SET EN=1
  25          
  26          #define DataPort P0
  27          
  28          /*------------------------------------------------
  29                        判忙函数
  30          ------------------------------------------------*/
  31           bit LCD_Check_Busy(void) 
  32           { 
  33   1       DataPort= 0xFF; 
  34   1       RS_CLR; 
  35   1       RW_SET; 
  36   1       EN_CLR; 
  37   1       _nop_(); 
  38   1       EN_SET;
  39   1       return (bit)(DataPort & 0x80);
  40   1       }
  41          /*------------------------------------------------
  42                        写入命令函数
  43          ------------------------------------------------*/
  44           void LCD_Write_Com(unsigned char com) 
  45           {  
  46   1      // while(LCD_Check_Busy()); //忙则等待
  47   1       DelayMs(5);
  48   1       RS_CLR; 
  49   1       RW_CLR; 
  50   1       EN_SET; 
  51   1       DataPort= com; 
  52   1       _nop_(); 
  53   1       EN_CLR;
  54   1       }
C51 COMPILER V8.02   1602                                                                  09/18/2010 23:36:19 PAGE 2   

  55          /*------------------------------------------------
  56                        写入数据函数
  57          ------------------------------------------------*/
  58           void LCD_Write_Data(unsigned char Data) 
  59           { 
  60   1       //while(LCD_Check_Busy()); //忙则等待
  61   1       DelayMs(5);
  62   1       RS_SET; 
  63   1       RW_CLR; 
  64   1       EN_SET; 
  65   1       DataPort= Data; 
  66   1       _nop_();
  67   1       EN_CLR;
  68   1       }
  69          
  70          /*------------------------------------------------
  71                          清屏函数
  72          ------------------------------------------------*/
  73           void LCD_Clear(void) 
  74           { 
  75   1       LCD_Write_Com(0x01); 
  76   1       DelayMs(5);
  77   1       }
  78          /*------------------------------------------------
  79                        写入字符串函数
  80          ------------------------------------------------*/
  81           void LCD_Write_String(unsigned char x,unsigned char y,unsigned char *s) 
  82           {     
  83   1       if (y == 0) 
  84   1              {     
  85   2               LCD_Write_Com(0x80 + x);     //表示第一行
  86   2              }
  87   1       else 
  88   1              {      
  89   2              LCD_Write_Com(0xC0 + x);      //表示第二行
  90   2              }        
  91   1       while (*s) 
  92   1              {     
  93   2       LCD_Write_Data( *s);     
  94   2       s ++;     
  95   2              }
  96   1       }
  97          /*------------------------------------------------
  98                        写入字符函数
  99          ------------------------------------------------*/
 100          /* void LCD_Write_Char(unsigned char x,unsigned char y,unsigned char Data) 
 101           {     
 102           if (y == 0) 
 103                  {     
 104                  LCD_Write_Com(0x80 + x);     
 105                  }    
 106           else 
 107                  {     
 108                  LCD_Write_Com(0xC0 + x);     
 109                  }        
 110           LCD_Write_Data( Data);  
 111           }*/
 112          /*------------------------------------------------
 113                        初始化函数
 114          ------------------------------------------------*/
 115           void LCD_Init(void) 
 116           {
C51 COMPILER V8.02   1602                                                                  09/18/2010 23:36:19 PAGE 3   

 117   1         LCD_Write_Com(0x38);    /*显示模式设置*/ 
 118   1         DelayMs(5); 
 119   1         LCD_Write_Com(0x38); 
 120   1         DelayMs(5); 
 121   1         LCD_Write_Com(0x38); 
 122   1         DelayMs(5); 
 123   1         LCD_Write_Com(0x38);  
 124   1         LCD_Write_Com(0x08);    /*显示关闭*/ 
 125   1         LCD_Write_Com(0x01);    /*显示清屏*/ 
 126   1         LCD_Write_Com(0x06);    /*显示光标移动设置*/ 
 127   1         DelayMs(5); 
 128   1         LCD_Write_Com(0x0C);    /*显示开及光标设置*/
 129   1         }
 130             
 131          


MODULE INFORMATION:   STATIC OVERLAYABLE
   CODE SIZE        =    180    ----
   CONSTANT SIZE    =   ----    ----
   XDATA SIZE       =   ----    ----
   PDATA SIZE       =   ----    ----
   DATA SIZE        =   ----       6
   IDATA SIZE       =   ----    ----
   BIT SIZE         =   ----    ----
END OF MODULE INFORMATION.


C51 COMPILATION COMPLETE.  0 WARNING(S),  0 ERROR(S)
