C51 COMPILER V7.06   __ݼ_ݼ___                                                  06/15/2010 18:03:41 PAGE 1   


C51 COMPILER V7.06, COMPILATION OF MODULE __ݼ_ݼ___
OBJECT MODULE PLACED IN .\obj\ܵݼӵݼ.obj
COMPILER INVOKED BY: d:\Keil\C51\BIN\C51.EXE ܵݼӵݼ.c BROWSE DEBUG OBJECTEXTEND PRINT(.\obj\ܵݼӵݼ
                    -.lst) OBJECT(.\obj\ܵݼӵݼ.obj)

stmt level    source

   1          /*-----------------------------------------------
   2            ƣλ̬ܶɨʾ仯
   3            ̳www.doflye.net
   4            дshifang
   5            ڣ2009.5
   6            ޸ģ
   7            ݣλֱܷʾ֣ͬɨʾʽΪ̬ɨ裬ͣ仯ֵ
   8          ------------------------------------------------*/
   9          #include<reg52.h> //ͷļһҪĶͷļ⹦ܼĴĶ
  10          
  11          #define DataPort P0 //ݶ˿ DataPort P0 滻
  12          sbit LATCH1=P2^2;//ʹܶ˿ 
  13          sbit LATCH2=P2^3;//                 λ
  14          
  15          unsigned char code dofly_DuanMa[10]={0x3f,0x06,0x5b,0x4f,0x66,0x6d,0x7d,0x07,0x7f,0x6f};// ʾֵ0~9
  16          unsigned char code dofly_WeiMa[]={0xfe,0xfd,0xfb,0xf7,0xef,0xdf,0xbf,0x7f};//ֱӦӦܵ,λ
             -
  17          unsigned char TempData[8]; //洢ʾֵȫֱ
  18          void Delay(unsigned int t); //
  19          void Display(unsigned char FirstBit,unsigned char Num);
  20          /*------------------------------------------------
  21                              
  22          ------------------------------------------------*/
  23          main()
  24          {
  25   1       unsigned int numA=999,numB=0;
  26   1       unsigned int j;
  27   1       while(1)
  28   1            {
  29   2                 j++;
  30   2                 if(j==10)  //⵱ǰֵʾһСʱҪʾֵ-1ʵʾı仯
  31   2                   {
  32   3                        j=0;
  33   3                        numB++;
  34   3                        if(numA>0)//ʾ0~999
  35   3                          numA--;
  36   3                        else
  37   3                          numA=999;
  38   3                if(numB==1000)
  39   3                          numB=0;
  40   3                       }
  41   2                 //ݼλܣ
  42   2             if(numA<100)
  43   2               TempData[0]=0;
  44   2                 else
  45   2                       TempData[0]=dofly_DuanMa[numA/100];//ֽʾϢҪʾ6868/10=6  68%10=8  
  46   2                 if(numA<10)
  47   2                   TempData[1]=0;
  48   2                 else
  49   2                   TempData[1]=dofly_DuanMa[(numA%100)/10];
  50   2                 TempData[2]=dofly_DuanMa[(numA%100)%10];
  51   2             //м2λܲʾֵ0
  52   2             TempData[3]=0; 
  53   2                 TempData[4]=0; 
C51 COMPILER V7.06   __ݼ_ݼ___                                                  06/15/2010 18:03:41 PAGE 2   

  54   2             //λܣ
  55   2                 if(numB<100)
  56   2               TempData[5]=0;
  57   2                 else
  58   2                       TempData[5]=dofly_DuanMa[numB/100];//ֽʾϢҪʾ6868/10=6  68%10=8  
  59   2                 if(numB<10)
  60   2                   TempData[6]=0;
  61   2                 else
  62   2                   TempData[6]=dofly_DuanMa[(numB%100)/10];
  63   2                 TempData[7]=dofly_DuanMa[(numB%100)%10];
  64   2      
  65   2                 Display(0,8);//ӵһλʾʾ8λ
  66   2            }
  67   1      }
  68          /*------------------------------------------------
  69           ʱ unsigned int t޷ֵ
  70           unsigned int Ƕ޷αֵķΧ
  71           0~65535
  72          ------------------------------------------------*/
  73          void Delay(unsigned int t)
  74          {
  75   1       while(--t);
  76   1      }
  77          /*------------------------------------------------
  78           ʾڶ̬ɨ
  79            FirstBit ʾҪʾĵһλ縳ֵ2ʾӵܿʼʾ
  80           0ʾӵһʾ
  81           NumʾҪʾλҪʾ99λֵֵ2
  82          ------------------------------------------------*/
  83          void Display(unsigned char FirstBit,unsigned char Num)
  84          {
  85   1            unsigned char i;
  86   1                
  87   1                for(i=0;i<Num;i++)
  88   1                 { 
  89   2                 DataPort=0;   //ݣֹнӰ
  90   2             LATCH1=1;     //
  91   2             LATCH1=0;
  92   2      
  93   2             DataPort=dofly_WeiMa[i+FirstBit]; //ȡλ 
  94   2             LATCH2=1;     //λ
  95   2             LATCH2=0;
  96   2      
  97   2             DataPort=TempData[i]; //ȡʾݣ
  98   2             LATCH1=1;     //
  99   2             LATCH1=0;
 100   2             
 101   2                 Delay(200); // ɨ϶ʱʱ̫˸̫̻Ӱ
 102   2      
 103   2             }
 104   1      
 105   1      }


MODULE INFORMATION:   STATIC OVERLAYABLE
   CODE SIZE        =    420    ----
   CONSTANT SIZE    =     18    ----
   XDATA SIZE       =   ----    ----
   PDATA SIZE       =   ----    ----
   DATA SIZE        =      8       6
   IDATA SIZE       =   ----    ----
   BIT SIZE         =   ----    ----
C51 COMPILER V7.06   __ݼ_ݼ___                                                  06/15/2010 18:03:41 PAGE 3   

END OF MODULE INFORMATION.


C51 COMPILATION COMPLETE.  0 WARNING(S),  0 ERROR(S)
