C51 COMPILER V7.06   _____LED                                                   05/13/2010 20:27:30 PAGE 1   


C51 COMPILER V7.06, COMPILATION OF MODULE _____LED
OBJECT MODULE PLACED IN .\obj\ͬƵ˸led.obj
COMPILER INVOKED BY: d:\Keil\C51\BIN\C51.EXE ͬƵ˸led.c BROWSE DEBUG OBJECTEXTEND PRINT(.\obj\ͬƵ˸
                    -led.lst) OBJECT(.\obj\ͬƵ˸led.obj)

stmt level    source

   1          /*-----------------------------------------------
   2            ƣIOڸߵ͵ƽ
   3            ̳www.doflye.net
   4            дshifang
   5            ڣ2009.5
   6            ޸ģ
   7            ݣP1ڵĶLED˸
   8                  óǵƬѧϰģ
   9                          ͨ˽οƶ˿ڵĸߵ͵ƽ
  10          ------------------------------------------------*/
  11          #include<reg52.h> //ͷļһҪĶͷļ⹦ܼĴĶ
  12          
  13          sbit LED0=P1^0;// sbit ؼ  LEDP1.0˿ڣLEDԼⶨ׼ķ
  14          sbit LED1=P1^1;
  15          sbit LED2=P1^2;
  16          sbit LED3=P1^3;
  17          sbit LED4=P1^4;
  18          sbit LED5=P1^5;
  19          sbit LED6=P1^6;
  20          sbit LED7=P1^7;
  21          
  22          void Delay(unsigned int t); //
  23          /*------------------------------------------------
  24                              
  25          ------------------------------------------------*/
  26          void main (void)
  27          {
  28   1                        //˷ʹbitλԵ˿ڸֵ
  29   1      unsigned char i;  //һ޷ַ;ֲ i ȡֵΧ 0~255
  30   1      
  31   1      while (1)         //ѭ
  32   1        {
  33   2       for(i=0;i<10;i++)   // forѭforѭеĳѭִ10
  34   2        {
  35   3        LED0=0;            //P1.0ڸֵ 0͵ƽ
  36   3        LED2=1;
  37   3        LED4=0;
  38   3        Delay(5000);      //ʱ򣻸ʱֿԸʱȣڸı˸Ƶ
  39   3        LED0=1;            //P1.0ڸֵ 1ߵƽ
  40   3        LED2=0;
  41   3        LED4=1;                
  42   3        Delay(5000);
  43   3        }
  44   2      
  45   2       for(i=0;i<10;i++)
  46   2        {
  47   3        LED0=0;            //P1.0ڸֵ 0͵ƽ
  48   3        LED2=1;
  49   3        LED4=0;
  50   3        Delay(60000);      //ʱ򣻸ʱֿԸʱȣڸı˸Ƶ
  51   3        LED0=1;            //P1.0ڸֵ 1ߵƽ
  52   3        LED2=0;
  53   3        LED4=1;
  54   3        Delay(60000);      
C51 COMPILER V7.06   _____LED                                                   05/13/2010 20:27:30 PAGE 2   

  55   3       }
  56   2                           //ѭҪһֱĳ
  57   2        }
  58   1      }/*------------------------------------------------
  59           ʱ unsigned int t޷ֵ
  60           unsigned int Ƕ޷αֵķΧ
  61           0~65535
  62          ------------------------------------------------*/
  63          void Delay(unsigned int t)
  64          {
  65   1       while(--t);
  66   1      }


MODULE INFORMATION:   STATIC OVERLAYABLE
   CODE SIZE        =     88    ----
   CONSTANT SIZE    =   ----    ----
   XDATA SIZE       =   ----    ----
   PDATA SIZE       =   ----    ----
   DATA SIZE        =   ----       1
   IDATA SIZE       =   ----    ----
   BIT SIZE         =   ----    ----
END OF MODULE INFORMATION.


C51 COMPILATION COMPLETE.  0 WARNING(S),  0 ERROR(S)
