C51 COMPILER V7.06   ___阏笏__交_____允_                                              11/20/2013 16:25:03 PAGE 1   


C51 COMPILER V7.06, COMPILATION OF MODULE ___阏笏__交_____允_
OBJECT MODULE PLACED IN .\obj\双色点阵双色交替动态显示.obj
COMPILER INVOKED BY: C:\Keil\C51\BIN\C51.EXE 双色点阵双色交替动态显示.c BROWSE DEBUG OBJECTEXTEND PRINT(.\obj\双色点阵双
                    -色交替动态显示.lst) OBJECT(.\obj\双色点阵双色交替动态显示.obj)

stmt level    source

   1          /*-----------------------------------------------
   2            名称：双色点阵
   3            论坛：www.doflye.net
   4            编写：shifang
   5            修改：无
   6            内容：使用hc595驱动双色点阵
   7          ------------------------------------------------*/
   8          #include<reg52.h>    //包含头文件，一般情况不需要改动，头文件包含特殊功能寄存器的定义
   9          #include <intrins.h> 
  10          
  11          
  12          unsigned char  segout[8]={0x01,0x02,0x04,0x08,0x10,0x20,0x40,0x80}; //8列
  13          unsigned char code tab[96]={
  14                                  0x00,0x00,0x00,0x00,0x00,0x00,0x00,0x00, //空格
  15                                  0x00,0x7E,0xFF,0xC3,0xC3,0xFF,0x7E,0x00, //字符0
  16                                  0x00,0x00,0x43,0xFF,0xFF,0x03,0x00,0x00, //字符1
  17                                  0x00,0x63,0xC7,0xCF,0xDB,0xF3,0x63,0x00, //字符2
  18                                  0x00,0x42,0xDB,0xDB,0xDB,0xFF,0x66,0x00, //字符3
  19                                  0x00,0x3E,0x46,0xFF,0xFF,0x06,0x06,0x00, //字符4
  20                                  0x00,0xF6,0xF7,0xD3,0xD3,0xDF,0xDE,0x00, //字符5
  21                                  0x00,0x7E,0xFF,0xDB,0xDB,0xDF,0x4E,0x00, //字符6
  22                                  0x00,0xC0,0xC0,0xC7,0xFF,0xF8,0xC0,0x00, //字符7
  23                                  0x00,0xFF,0xFF,0xDB,0xDB,0xFF,0xFF,0x00, //字符8
  24                                  0x00,0x72,0xFB,0xDB,0xDB,0xFF,0x7E,0x00, //字符9
  25                                  0x00,0x00,0x00,0x00,0x00,0x00,0x00,0x00   //空格
  26                                  };
  27          /*------------------------------------------------
  28                          硬件端口定义
  29          ------------------------------------------------*/
  30          sbit LATCH = P1^0; 
  31          sbit SRCLK= P1^1;
  32          sbit SER  = P1^2;
  33          
  34          
  35          sbit LATCH_B = P2^2;
  36          sbit SRCLK_B= P2^1;
  37          sbit SER_B= P2^0;
  38          
  39          
  40          /*------------------------------------------------
  41           uS延时函数，含有输入参数 unsigned char t，无返回值
  42           unsigned char 是定义无符号字符变量，其值的范围是
  43           0~255 这里使用晶振12M，精确延时请使用汇编,大致延时
  44           长度如下 T=tx2+5 uS 
  45          ------------------------------------------------*/
  46          void DelayUs2x(unsigned char t)
  47          {   
  48   1       while(--t);
  49   1      }
  50          /*------------------------------------------------
  51           mS延时函数，含有输入参数 unsigned char t，无返回值
  52           unsigned char 是定义无符号字符变量，其值的范围是
  53           0~255 这里使用晶振12M，精确延时请使用汇编
  54          ------------------------------------------------*/
C51 COMPILER V7.06   ___阏笏__交_____允_                                              11/20/2013 16:25:03 PAGE 2   

  55          void DelayMs(unsigned char t)
  56          {
  57   1           
  58   1       while(t--)
  59   1       {
  60   2           //大致延时1mS
  61   2           DelayUs2x(245);
  62   2               DelayUs2x(245);
  63   2       }
  64   1      }
  65          /*------------------------------------------------
  66                          发送字节程序
  67                     带有方向参数，可以选择从高位节写入或者低位写入
  68          ------------------------------------------------*/
  69          void SendByte(unsigned char dat,bit direction)
  70          {    
  71   1        unsigned char i,temp; 
  72   1         if(direction==0)
  73   1           temp=0x80;
  74   1         else
  75   1           temp=0x01;
  76   1      
  77   1         for(i=0;i<8;i++)
  78   1              {
  79   2               SRCLK=0;
  80   2               SER=dat&temp;
  81   2               if(direction==0)
  82   2               dat<<=1;
  83   2               else
  84   2                   dat>>=1;
  85   2               SRCLK=1;
  86   2               }
  87   1               
  88   1      }
  89          /*------------------------------------------------
  90                          发送双字节程序
  91          ------------------------------------------------*/
  92          void Send2Byte(unsigned char dat1,unsigned char dat2,bit direction)
  93          {    
  94   1         SendByte(dat1,direction);
  95   1         SendByte(dat2,direction);      
  96   1      }
  97          /*------------------------------------------------
  98                             595锁存程序
  99          ------------------------------------------------*/
 100          void Out595(void)
 101          {
 102   1              LATCH=1;
 103   1              _nop_();
 104   1              LATCH=0;
 105   1      }
 106          
 107          /*------------------------------------------------
 108                          发送位码字节程序
 109                         使用另外一片单独595
 110          ------------------------------------------------*/
 111          void SendSeg(unsigned char dat)
 112          {    
 113   1        unsigned char i; 
 114   1              
 115   1         for(i=0;i<8;i++)  //发送字节
 116   1              {
C51 COMPILER V7.06   ___阏笏__交_____允_                                              11/20/2013 16:25:03 PAGE 3   

 117   2               SRCLK_B=0;
 118   2               SER_B=dat&0x80;
 119   2               dat<<=1;
 120   2               SRCLK_B=1;
 121   2               }
 122   1            LATCH_B=1;    //锁存
 123   1            _nop_();
 124   1            LATCH_B=0;
 125   1               
 126   1      }
 127          /*------------------------------------------------
 128                             主程序
 129          ------------------------------------------------*/
 130          void main()
 131          {
 132   1      unsigned char i,k,l;
 133   1      while(1)
 134   1      {
 135   2             for(k=0;k<=88;k++)     //所有的字符个数
 136   2               for(l=20;l>0;l--)    //延时长度,改变此值可以改变流动速度
 137   2                  for(i=0;i<=7;i++) //8列显示
 138   2                        {
 139   3                           SendSeg(segout[i]);
 140   3                                               Send2Byte(~(*(tab+i+k)),0xff,0);
 141   3                                               Out595();
 142   3                           DelayMs(1);
 143   3                                               Send2Byte(0xff,0xff,0);//delay(10); //防止重影
 144   3                                               Out595();
 145   3                        }
 146   2      
 147   2      
 148   2                for(k=0;k<=88;k++)     //所有的字符个数
 149   2               for(l=20;l>0;l--)    //延时长度,改变此值可以改变流动速度
 150   2                  for(i=0;i<=7;i++) //8列显示
 151   2                        {
 152   3                           SendSeg(segout[7-i]);
 153   3                                               Send2Byte(0xff,~(*(tab+i+k)),1); //写入字节方向改变
 154   3                                               Out595();
 155   3                           DelayMs(1);
 156   3                                               Send2Byte(0xff,0xff,0);//delay(10); //防止重影
 157   3                                               Out595();
 158   3                        }
 159   2               }
 160   1      }


MODULE INFORMATION:   STATIC OVERLAYABLE
   CODE SIZE        =    256    ----
   CONSTANT SIZE    =     96    ----
   XDATA SIZE       =   ----    ----
   PDATA SIZE       =   ----    ----
   DATA SIZE        =      8    ----
   IDATA SIZE       =   ----    ----
   BIT SIZE         =   ----       2
END OF MODULE INFORMATION.


C51 COMPILATION COMPLETE.  0 WARNING(S),  0 ERROR(S)
