C51 COMPILER V7.06   数码_苣_拟_流                                                        05/14/2010 09:58:56 PAGE 1   


C51 COMPILER V7.06, COMPILATION OF MODULE 数码_苣_拟_流
OBJECT MODULE PLACED IN .\obj\数码管模拟水流.obj
COMPILER INVOKED BY: d:\Keil\C51\BIN\C51.EXE 数码管模拟水流.c BROWSE DEBUG OBJECTEXTEND PRINT(.\obj\数码管模拟水流.lst) 
                    -OBJECT(.\obj\数码管模拟水流.obj)

stmt level    source

   1          /*-----------------------------------------------
   2            名称：单个共阳数码管模拟水流
   3            论坛：www.doflye.net
   4            编写：shifang
   5            日期：2009.5
   6            修改：无
   7            内容：通过循环赋值给P1，让数码管显示特定流动样式
   8          ------------------------------------------------*/
   9          #include<reg52.h> //包含头文件，一般情况不需要改动，头文件包含特殊功能寄存器的定义
  10          
  11          
  12          void Delay(unsigned int t); //函数声明
  13          /*------------------------------------------------
  14                              主函数
  15          ------------------------------------------------*/
  16          void main (void)
  17          {
  18   1                        
  19   1      unsigned char i;  //定义一个无符号字符型局部变量 i 取值范围 0~255
  20   1      
  21   1      while (1)         //主循环
  22   1        {
  23   2       P1=0xfe;
  24   2       for(i=0;i<6;i++)   //加入 for循环，表明for循环大括号中的程序循环执行6次
  25   2        {
  26   3        Delay(10000);
  27   3        P1<<=1;
  28   3        P1|=0x01;
  29   3        
  30   3        }
  31   2      
  32   2                           //主循环中添加其他需要一直工作的程序
  33   2        }
  34   1      }/*------------------------------------------------
  35           延时函数，含有输入参数 unsigned int t，无返回值
  36           unsigned int 是定义无符号整形变量，其值的范围是
  37           0~65535
  38          ------------------------------------------------*/
  39          void Delay(unsigned int t)
  40          {
  41   1       while(--t);
  42   1      }


MODULE INFORMATION:   STATIC OVERLAYABLE
   CODE SIZE        =     43    ----
   CONSTANT SIZE    =   ----    ----
   XDATA SIZE       =   ----    ----
   PDATA SIZE       =   ----    ----
   DATA SIZE        =   ----       1
   IDATA SIZE       =   ----    ----
   BIT SIZE         =   ----    ----
END OF MODULE INFORMATION.


C51 COMPILATION COMPLETE.  0 WARNING(S),  0 ERROR(S)
