C51 COMPILER V7.06   步进_缁_转速数码__允_                                                07/08/2010 09:19:57 PAGE 1   


C51 COMPILER V7.06, COMPILATION OF MODULE 步进_缁_转速数码__允_
OBJECT MODULE PLACED IN .\obj\步进电机转速数码管显示.obj
COMPILER INVOKED BY: d:\Keil\C51\BIN\C51.EXE 步进电机转速数码管显示.c BROWSE DEBUG OBJECTEXTEND PRINT(.\obj\步进电机转速
                    -数码管显示.lst) OBJECT(.\obj\步进电机转速数码管显示.obj)

stmt level    source

   1          /*-----------------------------------------------
   2            名称：步进电机
   3            论坛：www.doflye.net
   4            编写：shifang
   5            日期：2009.5
   6            修改：无
   7            内容：本程序用于测试4相步进电机常规驱动 
   8                  使用1-2相励磁
   9                  1-2相激励功率增倍，步进角度减半，抖动减少
  10                  顺序如下 a-ab-b-bc-c-cd-d-da   又称4相8拍
  11                          数码管显示 03-19速度等级，数字越大，速度越慢
  12           ------------------------------------------------*/
  13          
  14          #include <reg52.h>
  15          
  16          #define DataPort P0 //定义数据端口 程序中遇到DataPort 则用P0 替换
  17          sbit LATCH1=P2^2;//定义锁存使能端口 段锁存
  18          sbit LATCH2=P2^3;//                 位锁存
  19          
  20          unsigned char code dofly_DuanMa[10]={0x3f,0x06,0x5b,0x4f,0x66,0x6d,0x7d,0x07,0x7f,0x6f};// 显示段码值0~9
  21          unsigned char code dofly_WeiMa[]={0xfe,0xfd,0xfb,0xf7,0xef,0xdf,0xbf,0x7f};//分别对应相应的数码管点亮,即位
             -码
  22          unsigned char TempData[8]; //存储显示值的全局变量
  23          
  24          sbit A1=P1^0; //定义步进电机连接端口
  25          sbit B1=P1^1;
  26          sbit C1=P1^2;
  27          sbit D1=P1^3;
  28          
  29          
  30          #define Coil_AB1 {A1=1;B1=1;C1=0;D1=0;}//AB相通电，其他相断电
  31          #define Coil_BC1 {A1=0;B1=1;C1=1;D1=0;}//BC相通电，其他相断电
  32          #define Coil_CD1 {A1=0;B1=0;C1=1;D1=1;}//CD相通电，其他相断电
  33          #define Coil_DA1 {A1=1;B1=0;C1=0;D1=1;}//D相通电，其他相断电
  34          #define Coil_A1 {A1=1;B1=0;C1=0;D1=0;}//A相通电，其他相断电
  35          #define Coil_B1 {A1=0;B1=1;C1=0;D1=0;}//B相通电，其他相断电
  36          #define Coil_C1 {A1=0;B1=0;C1=1;D1=0;}//C相通电，其他相断电
  37          #define Coil_D1 {A1=0;B1=0;C1=0;D1=1;}//D相通电，其他相断电
  38          #define Coil_OFF {A1=0;B1=0;C1=0;D1=0;}//全部断电
  39          
  40          unsigned char Speed;
  41          
  42          void Display(unsigned char FirstBit,unsigned char Num);
  43          void Init_Timer0(void);
  44          /*------------------------------------------------
  45           uS延时函数，含有输入参数 unsigned char t，无返回值
  46           unsigned char 是定义无符号字符变量，其值的范围是
  47           0~255 这里使用晶振12M，精确延时请使用汇编,大致延时
  48           长度如下 T=tx2+5 uS 
  49          ------------------------------------------------*/
  50          void DelayUs2x(unsigned char t)
  51          {   
  52   1       while(--t);
  53   1      }
C51 COMPILER V7.06   步进_缁_转速数码__允_                                                07/08/2010 09:19:57 PAGE 2   

  54          /*------------------------------------------------
  55           mS延时函数，含有输入参数 unsigned char t，无返回值
  56           unsigned char 是定义无符号字符变量，其值的范围是
  57           0~255 这里使用晶振12M，精确延时请使用汇编
  58          ------------------------------------------------*/
  59          void DelayMs(unsigned char t)
  60          {
  61   1           
  62   1       while(t--)
  63   1       {
  64   2           //大致延时1mS
  65   2           DelayUs2x(245);
  66   2               DelayUs2x(245);
  67   2       }
  68   1      }
  69          /*------------------------------------------------
  70                              主函数
  71          ------------------------------------------------*/
  72          main()
  73          {
  74   1       unsigned int i=512;//旋转一周时间
  75   1       
  76   1       Init_Timer0();
  77   1      
  78   1       EA=1;          //全局中断开
  79   1       EX0=1;         //外部中断0开
  80   1       IT0=1;         //1表示边沿触发
  81   1      
  82   1       Speed=3;
  83   1       TempData[0]=dofly_DuanMa[Speed/10];//分解显示信息，如要显示68， 
  84   1       TempData[1]=dofly_DuanMa[Speed%10];//则68/10=6  68%10=8 
  85   1       Coil_OFF
  86   1       while(i--)  //正向
  87   1        {  Coil_A1       
  88   2           DelayMs(Speed);
  89   2           Coil_AB1                 //遇到Coil_AB1  用{A1=1;B1=1;C1=0;D1=0;}代替
  90   2           DelayMs(Speed);         //改变这个参数可以调整电机转速 ,
  91   2                                   //数字越小，转速越大,力矩越小
  92   2               Coil_B1       
  93   2           DelayMs(Speed);
  94   2           Coil_BC1
  95   2           DelayMs(Speed);
  96   2               Coil_C1       
  97   2           DelayMs(Speed);
  98   2           Coil_CD1
  99   2           DelayMs(Speed);
 100   2               Coil_D1       
 101   2           DelayMs(Speed);
 102   2           Coil_DA1
 103   2           DelayMs(Speed);
 104   2        }
 105   1      }
 106          
 107          /*------------------------------------------------
 108                           外部中断程序
 109          ------------------------------------------------*/
 110          void ISR_INT0(void) interrupt 0 
 111          {
 112   1       
 113   1       if(!INT0)
 114   1         {
 115   2         DelayMs(10);//在此处可以添加去抖动程序，防止按键抖动造成错误
C51 COMPILER V7.06   步进_缁_转速数码__允_                                                07/08/2010 09:19:57 PAGE 3   

 116   2         if(!INT0)
 117   2         //while(!INT1);//等待按键释放
 118   2           {
 119   3           Speed++;   
 120   3               if(Speed==20)
 121   3                 Speed=3;
 122   3               TempData[0]=dofly_DuanMa[Speed/10];//分解显示信息，如要显示68，则68/10=6  68%10=8  
 123   3               TempData[1]=dofly_DuanMa[Speed%10];
 124   3           }
 125   2         }
 126   1      }/*------------------------------------------------
 127           显示函数，用于动态扫描数码管
 128           输入参数 FirstBit 表示需要显示的第一位，如赋值2表示从第三个数码管开始显示
 129           如输入0表示从第一个显示。
 130           Num表示需要显示的位数，如需要显示99两位数值则该值输入2
 131          ------------------------------------------------*/
 132          void Display(unsigned char FirstBit,unsigned char Num)
 133          {
 134   1            static unsigned char i=0;
 135   1                
 136   1      
 137   1                 DataPort=0;   //清空数据，防止有交替重影
 138   1             LATCH1=1;     //段锁存
 139   1             LATCH1=0;
 140   1      
 141   1             DataPort=dofly_WeiMa[i+FirstBit]; //取位码 
 142   1             LATCH2=1;     //位锁存
 143   1             LATCH2=0;
 144   1      
 145   1             DataPort=TempData[i]; //取显示数据，段码
 146   1             LATCH1=1;     //段锁存
 147   1             LATCH1=0;
 148   1             
 149   1                 i++;
 150   1             if(i==Num)
 151   1                    i=0;
 152   1      
 153   1      
 154   1      }
 155          /*------------------------------------------------
 156                              定时器初始化子程序
 157          ------------------------------------------------*/
 158          void Init_Timer0(void)
 159          {
 160   1       TMOD |= 0x01;    //使用模式1，16位定时器，使用"|"符号可以在使用多个定时器时不受影响                 
 161   1       //TH0=0x00;          //给定初值
 162   1       //TL0=0x00;
 163   1       EA=1;            //总中断打开
 164   1       ET0=1;           //定时器中断打开
 165   1       TR0=1;           //定时器开关打开
 166   1       PT0=1;           //优先级打开
 167   1      }
 168          /*------------------------------------------------
 169                           定时器中断子程序
 170          ------------------------------------------------*/
 171          void Timer0_isr(void) interrupt 1 
 172          {
 173   1       TH0=(65536-2000)/256;            //重新赋值 2ms
 174   1       TL0=(65536-2000)%256;
 175   1       
 176   1       Display(0,8);
 177   1      
C51 COMPILER V7.06   步进_缁_转速数码__允_                                                07/08/2010 09:19:57 PAGE 4   

 178   1      }
 179          


MODULE INFORMATION:   STATIC OVERLAYABLE
   CODE SIZE        =    347    ----
   CONSTANT SIZE    =     18    ----
   XDATA SIZE       =   ----    ----
   PDATA SIZE       =   ----    ----
   DATA SIZE        =     10       2
   IDATA SIZE       =   ----    ----
   BIT SIZE         =   ----    ----
END OF MODULE INFORMATION.


C51 COMPILATION COMPLETE.  0 WARNING(S),  0 ERROR(S)
