C51 COMPILER V9.01   _距程序                                                              07/08/2016 17:44:05 PAGE 1   


C51 COMPILER V9.01, COMPILATION OF MODULE _距程序
OBJECT MODULE PLACED IN 测距程序.OBJ
COMPILER INVOKED BY: C:\Keil\C51\BIN\C51.EXE 测距程序.C BROWSE DEBUG OBJECTEXTEND

line level    source

   1          /******************************************************************/
   2          //HC-SR04 超声波测距模块 DEMO 程序
   3          //晶振：11。0592
   4          //接线：模块TRIG接 P1.2  ECH0 接P1.1
   5          //串口波特率9600
   6          /*********************************************************************/   
   7          #include   <AT89X51.H>
   8          #include   <intrins.h>
   9          #include   <STDIO.H>
  10          
  11          #define uchar unsigned  char
  12          #define uint  unsigned   int  
  13          #define  RX  P1_1
  14          #define  TX  P1_2
  15            
  16          unsigned int  time=0;
  17          unsigned int  timer=0;
  18          float         S=0;
  19          bit           flag =0;
  20                  
  21          
  22          /********************************************************/
  23              void Conut(void)
  24                  {
  25   1               time=TH0*256+TL0;
  26   1               TH0=0;
  27   1               TL0=0;
  28   1               S=(time*1.87)/100;     //算出来是CM
  29   1               if(flag==1)                //超出测量
  30   1               {
  31   2                flag=0;
  32   2                printf("-----\n"); 
  33   2               }
  34   1      
  35   1                printf("S=%f\n",S); 
  36   1              }
  37          /********************************************************/ 
  38          void delayms(unsigned int ms)
  39          {
  40   1              unsigned char i=100,j;
  41   1              for(;ms;ms--)
  42   1              {
  43   2                      while(--i)
  44   2                      {
  45   3                              j=10;
  46   3                              while(--j);
  47   3                      }
  48   2              }
  49   1      }
  50          /********************************************************/
  51               void zd0() interrupt 1              //T0中断用来计数器溢出,超过测距范围
  52            {
  53   1          flag=1;                                                      //中断溢出标志
  54   1        }
  55          /********************************************************/
C51 COMPILER V9.01   _距程序                                                              07/08/2016 17:44:05 PAGE 2   

  56             void  StartModule()                   //T1中断用来扫描数码管和计800MS启动模块
  57            {
  58   1                TX=1;                                  //800MS  启动一次模块
  59   1                _nop_(); 
  60   1                _nop_(); 
  61   1                _nop_(); 
  62   1                _nop_(); 
  63   1                _nop_(); 
  64   1                _nop_(); 
  65   1                _nop_(); 
  66   1                _nop_(); 
  67   1                _nop_(); 
  68   1                _nop_(); 
  69   1                _nop_(); 
  70   1                _nop_(); 
  71   1                _nop_(); 
  72   1                _nop_(); 
  73   1                _nop_(); 
  74   1                _nop_(); 
  75   1                _nop_();
  76   1                _nop_(); 
  77   1                _nop_(); 
  78   1                _nop_(); 
  79   1                _nop_();
  80   1                TX=0;
  81   1        }
  82          /********************************************************/
  83          void main(void)
  84          {  
  85   1          TMOD=0x21;             //设T0为方式1，GATE=1；
  86   1              SCON=0x50;
  87   1              TH1=0xFD;
  88   1              TL1=0xFD;
  89   1              TH0=0;
  90   1              TL0=0; 
  91   1              TR0=1;  
  92   1              ET0=1;             //允许T0中断
  93   1              TR1=1;                     //开启定时器
  94   1              TI=1;
  95   1      
  96   1              EA=1;                      //开启总中断
  97   1      
  98   1      
  99   1              while(1)
 100   1              {
 101   2               StartModule();
 102   2               while(!RX);            //当RX为零时等待
 103   2               TR0=1;                     //开启计数
 104   2               while(RX);                     //当RX为1计数并等待
 105   2               TR0=0;                         //关闭计数
 106   2           Conut();                   //计算
 107   2               delayms(100);          //100MS
 108   2      
 109   2              }
 110   1      
 111   1      }              


MODULE INFORMATION:   STATIC OVERLAYABLE
   CODE SIZE        =    199    ----
   CONSTANT SIZE    =     13    ----
   XDATA SIZE       =   ----    ----
C51 COMPILER V9.01   _距程序                                                              07/08/2016 17:44:05 PAGE 3   

   PDATA SIZE       =   ----    ----
   DATA SIZE        =      8    ----
   IDATA SIZE       =   ----    ----
   BIT SIZE         =      1    ----
END OF MODULE INFORMATION.


C51 COMPILATION COMPLETE.  0 WARNING(S),  0 ERROR(S)
