C51 COMPILER V7.06   _____߼__ƽ                                                06/15/2010 17:54:19 PAGE 1   


C51 COMPILER V7.06, COMPILATION OF MODULE _____߼__ƽ
OBJECT MODULE PLACED IN .\obj\ָʾ߼ƽ.obj
COMPILER INVOKED BY: d:\Keil\C51\BIN\C51.EXE ָʾ߼ƽ.c BROWSE DEBUG OBJECTEXTEND PRINT(.\obj\ָ
                    -ʾ߼ƽ.lst) OBJECT(.\obj\ָʾ߼ƽ.obj)

stmt level    source

   1          /*-----------------------------------------------
   2            ƣָʾ߼ƽ
   3            ̳www.doflye.net
   4            дshifang
   5            ڣ2009.5
   6            ޸ģ
   7            ݣͨѭP3.2ڵƽֵȻ"H" or "L"ʾö˿ӵǸߵƽǵ͵ƽ
   8          ------------------------------------------------*/
   9          #include<reg52.h> //ͷļһҪĶͷļ⹦ܼĴĶ
  10          
  11          sbit IO_IN=P3^2;  //IO ź
  12          
  13          /*------------------------------------------------
  14                              
  15          ------------------------------------------------*/
  16          void main (void)
  17          {
  18   1                        
  19   1      
  20   1      while (1)         //ѭ
  21   1        {
  22   2        if(IO_IN==1)//˿ڼ⵽1ʾߵƽ
  23   2          P1=0x89;  //"H"
  24   2        else
  25   2          P1=0xc7;  //"L"
  26   2                        //ʾ͵ƽʹ  if else  
  27   2          
  28   2        
  29   2                           //ѭҪһֱĳ
  30   2        }
  31   1      }


MODULE INFORMATION:   STATIC OVERLAYABLE
   CODE SIZE        =     13    ----
   CONSTANT SIZE    =   ----    ----
   XDATA SIZE       =   ----    ----
   PDATA SIZE       =   ----    ----
   DATA SIZE        =   ----    ----
   IDATA SIZE       =   ----    ----
   BIT SIZE         =   ----    ----
END OF MODULE INFORMATION.


C51 COMPILATION COMPLETE.  0 WARNING(S),  0 ERROR(S)
