C51 COMPILER V7.06   _______                                                    07/04/2010 09:45:40 PAGE 1   


C51 COMPILER V7.06, COMPILATION OF MODULE _______
OBJECT MODULE PLACED IN .\obj\ʾ̬.obj
COMPILER INVOKED BY: d:\Keil\C51\BIN\C51.EXE ʾ̬.c BROWSE DEBUG OBJECTEXTEND PRINT(.\obj\ʾ̬
                    -.lst) OBJECT(.\obj\ʾ̬.obj)

stmt level    source

   1          /*-----------------------------------------------
   2            ƣ8λ̬ܶɨʾ仯
   3            ̳www.doflye.net
   4            дshifang
   5            ڣ2009.5
   6            ޸ģ
   7            ݣ8λֱܷʾ֣ͬɨʾʽΪ̬ɨ裬ͣ仯ֵ
   8          ------------------------------------------------*/
   9          #include<reg52.h> //ͷļһҪĶͷļ⹦ܼĴĶ
  10          
  11          #define DataPort P0 //ݶ˿ DataPort P0 滻
  12          sbit LATCH1=P2^2;//ʹܶ˿ 
  13          sbit LATCH2=P2^3;//                 λ
  14          
  15          unsigned char code dofly_DuanMa[]={0x3f,0x06,0x5b,0x4f,0x66,0x6d,0x7d,0x07,0x7f,0x6f,0x77,0x7c,0x39,0x5e,0
             -x79,0x71};// ʾֵ0~F
  16          unsigned char code dofly_WeiMa[]={0xfe,0xfd,0xfb,0xf7,0xef,0xdf,0xbf,0x7f};//ֱӦӦܵ,λ
             -
  17          
  18          void Delay(unsigned int t); //
  19          
  20          /*------------------------------------------------
  21                              
  22          ------------------------------------------------*/
  23          main()
  24          {
  25   1       unsigned char i=0,num;
  26   1       unsigned int j;
  27   1       while(1)
  28   1            {
  29   2                 DataPort=dofly_WeiMa[i]; //ȡλ 
  30   2             LATCH2=1;     //λ
  31   2             LATCH2=0;
  32   2      
  33   2             DataPort=dofly_DuanMa[num+i]; //ȡʾݣ
  34   2             LATCH1=1;     //
  35   2             LATCH1=0;
  36   2      
  37   2                 Delay(200); // ɨ϶ʱʱ̫˸̫̻Ӱ
  38   2                 i++;j++;
  39   2                 if(8==i)    //8λɨȫɨӵһʼٴɨ8λ
  40   2                   i=0;
  41   2                 if(j==500)  //⵱ǰֵʾһСʱҪʾֵ1ʵʾı仯
  42   2                   {
  43   3                        j=0;
  44   3                        num++;
  45   3                        if(num==9)
  46   3                          num=0;
  47   3                       }
  48   2            }
  49   1      }
  50          /*------------------------------------------------
  51           ʱ unsigned int t޷ֵ
  52           unsigned int Ƕ޷αֵķΧ
C51 COMPILER V7.06   _______                                                    07/04/2010 09:45:40 PAGE 2   

  53           0~65535
  54          ------------------------------------------------*/
  55          void Delay(unsigned int t)
  56          {
  57   1       while(--t);
  58   1      }


MODULE INFORMATION:   STATIC OVERLAYABLE
   CODE SIZE        =     91    ----
   CONSTANT SIZE    =     24    ----
   XDATA SIZE       =   ----    ----
   PDATA SIZE       =   ----    ----
   DATA SIZE        =   ----       4
   IDATA SIZE       =   ----    ----
   BIT SIZE         =   ----    ----
END OF MODULE INFORMATION.


C51 COMPILATION COMPLETE.  0 WARNING(S),  0 ERROR(S)
