C51 COMPILER V9.01   DKEY                                                                  07/28/2016 11:31:24 PAGE 1   


C51 COMPILER V9.01, COMPILATION OF MODULE DKEY
OBJECT MODULE PLACED IN DKEY.OBJ
COMPILER INVOKED BY: C:\Keil\C51\BIN\C51.EXE DKEY.c BROWSE DEBUG OBJECTEXTEND

line level    source

   1          /******************************************************************/
   2          /*            按键状态显示试验                                                                            *
   3          /*                                                                                                                *
   4          /*  连接方法：连接JP10（P0)与JP5（按钮接口)                               *
   5          /*                            JP11 (P2)与JP1(LED接口)                                             *
   6                                                                                                                                            *
   7          /*按键则点亮LED灯，8路指示灯接p0口                                                        *
   8          /******************************************************************/
   9          #include <reg51.h>
  10          #define uchar unsigned char
  11          #define uint  unsigned int
  12          
  13          sbit  K1 = P1^0; 
  14          sbit  K2 = P1^1;
  15          sbit  K3 = P1^2; 
  16          sbit  K4 = P1^3;
  17          sbit  K5 = P1^4; 
  18          sbit  K6 = P1^5;
  19          sbit  K7 = P1^6; 
  20          sbit  K8 = P1^7; 
  21          
  22          void delay(uint ms) 
  23          {
  24   1         uchar t;
  25   1         while(ms--)
  26   1         { 
  27   2           for(t = 0; t < 120; t++);
  28   2         }
  29   1      }
  30          /*********************************************************/
  31          main()
  32          {
  33   1         P2 = 0x07;   
  34   1         P0 = 0x3f;
  35   1         while(1)
  36   1         {
  37   2      
  38   2                if(K1==0)
  39   2                P0 = 0x06;
  40   2      
  41   2      
  42   2                if(K2 == 0)
  43   2                P0 = 0x5b;
  44   2      
  45   2      
  46   2                if(K3==0)
  47   2                P0 = 0x4f;
  48   2      
  49   2      
  50   2                if(K4==0)
  51   2                P0 = 0x66;
  52   2      
  53   2                        
  54   2                if (K5==0 )
  55   2                  P0 = 0x6d;
C51 COMPILER V9.01   DKEY                                                                  07/28/2016 11:31:24 PAGE 2   

  56   2      
  57   2      
  58   2                if (K6==0)
  59   2                 P0 = 0x7d;
  60   2      
  61   2                 if (K7==0)
  62   2                 P0 = 0x07;
  63   2      
  64   2                 if (K8==0)
  65   2                 P0 = 0x7f;
  66   2      
  67   2                 delay(15);   //按键消抖
  68   2         }
  69   1      }


MODULE INFORMATION:   STATIC OVERLAYABLE
   CODE SIZE        =     85    ----
   CONSTANT SIZE    =   ----    ----
   XDATA SIZE       =   ----    ----
   PDATA SIZE       =   ----    ----
   DATA SIZE        =   ----    ----
   IDATA SIZE       =   ----    ----
   BIT SIZE         =   ----    ----
END OF MODULE INFORMATION.


C51 COMPILATION COMPLETE.  0 WARNING(S),  0 ERROR(S)
