C51 COMPILER V7.06   数码__植可了_                                                        06/15/2010 18:07:59 PAGE 1   


C51 COMPILER V7.06, COMPILATION OF MODULE 数码__植可了_
OBJECT MODULE PLACED IN .\obj\数码管局部闪烁.obj
COMPILER INVOKED BY: d:\Keil\C51\BIN\C51.EXE 数码管局部闪烁.c BROWSE DEBUG OBJECTEXTEND PRINT(.\obj\数码管局部闪烁.lst) 
                    -OBJECT(.\obj\数码管局部闪烁.obj)

stmt level    source

   1          /*-----------------------------------------------
   2            名称：多位数码管动态扫描显示变化数据
   3            论坛：www.doflye.net
   4            编写：shifang
   5            日期：2009.5
   6            修改：无
   7            内容：多位数码管分别显示不同数字，这种扫描显示方式成为动态扫描，并不停变化赋值
   8          ------------------------------------------------*/
   9          #include<reg52.h> //包含头文件，一般情况不需要改动，头文件包含特殊功能寄存器的定义
  10          
  11          #define DataPort P0 //定义数据端口 程序中遇到DataPort 则用P0 替换
  12          sbit LATCH1=P2^2;//定义锁存使能端口 段锁存
  13          sbit LATCH2=P2^3;//                 位锁存
  14          
  15          unsigned char code dofly_DuanMa[10]={0x3f,0x06,0x5b,0x4f,0x66,0x6d,0x7d,0x07,0x7f,0x6f};// 显示段码值0~9
  16          unsigned char code dofly_WeiMa[]={0xfe,0xfd,0xfb,0xf7,0xef,0xdf,0xbf,0x7f};//分别对应相应的数码管点亮,即位
             -码
  17          unsigned char TempData[8]; //存储显示值的全局变量
  18          void Delay(unsigned int t); //函数声明
  19          void Display(unsigned char FirstBit,unsigned char Num);
  20          /*------------------------------------------------
  21                              主函数
  22          ------------------------------------------------*/
  23          main()
  24          {
  25   1       unsigned int numA=999,numB=0;
  26   1       unsigned int j;
  27   1       bit FlashFlag;
  28   1       while(1)
  29   1            {
  30   2                 j++;
  31   2                 if(j==20)  //检测当前数值显示了一小段时间后，需要显示的数值，实现数据显示的变化
  32   2                   {
  33   3                        j=0;
  34   3                        FlashFlag=!FlashFlag;
  35   3                        numB++;
  36   3                        if(numA>0)//用于显示0~999
  37   3                          numA--;
  38   3                        else
  39   3                          numA=999;
  40   3                if(numB==1000)
  41   3                          numB=0;
  42   3                       }
  43   2                 //递减的三位数码管，带消隐
  44   2                       TempData[0]=dofly_DuanMa[numA/100];//分解显示信息，如要显示68，则68/10=6  68%10=8  
  45   2                   TempData[1]=dofly_DuanMa[(numA%100)/10];
  46   2                   TempData[2]=dofly_DuanMa[(numA%100)%10];
  47   2             //中间2位数码管不显示，赋值0
  48   2                if(FlashFlag)
  49   2                  {
  50   3               TempData[3]=0x40; //显示"-"
  51   3                   TempData[4]=0x40; 
  52   3                       }
  53   2                else
C51 COMPILER V7.06   数码__植可了_                                                        06/15/2010 18:07:59 PAGE 2   

  54   2                  {
  55   3                   TempData[3]=0; 
  56   3                   TempData[4]=0; 
  57   3                  }
  58   2             //递增的三位数码管，带消隐
  59   2                       TempData[5]=dofly_DuanMa[numB/100];//分解显示信息，如要显示68，则68/10=6  68%10=8  
  60   2                   TempData[6]=dofly_DuanMa[(numB%100)/10];
  61   2                   TempData[7]=dofly_DuanMa[(numB%100)%10];
  62   2      
  63   2                 Display(0,8);//从第一位显示，共显示8位
  64   2            }
  65   1      }
  66          /*------------------------------------------------
  67           延时函数，含有输入参数 unsigned int t，无返回值
  68           unsigned int 是定义无符号整形变量，其值的范围是
  69           0~65535
  70          ------------------------------------------------*/
  71          void Delay(unsigned int t)
  72          {
  73   1       while(--t);
  74   1      }
  75          /*------------------------------------------------
  76           显示函数，用于动态扫描数码管
  77           输入参数 FirstBit 表示需要显示的第一位，如赋值2表示从第三个数码管开始显示
  78           如输入0表示从第一个显示。
  79           Num表示需要显示的位数，如需要显示99两位数值则该值输入2
  80          ------------------------------------------------*/
  81          void Display(unsigned char FirstBit,unsigned char Num)
  82          {
  83   1            unsigned char i;
  84   1                
  85   1                for(i=0;i<Num;i++)
  86   1                 { 
  87   2                 DataPort=0;   //清空数据，防止有交替重影
  88   2             LATCH1=1;     //段锁存
  89   2             LATCH1=0;
  90   2      
  91   2             DataPort=dofly_WeiMa[i+FirstBit]; //取位码 
  92   2             LATCH2=1;     //位锁存
  93   2             LATCH2=0;
  94   2      
  95   2             DataPort=TempData[i]; //取显示数据，段码
  96   2             LATCH1=1;     //段锁存
  97   2             LATCH1=0;
  98   2             
  99   2                 Delay(200); // 扫描间隙延时，时间太长会闪烁，太短会造成重影
 100   2      
 101   2             }
 102   1      
 103   1      }


MODULE INFORMATION:   STATIC OVERLAYABLE
   CODE SIZE        =    347    ----
   CONSTANT SIZE    =     18    ----
   XDATA SIZE       =   ----    ----
   PDATA SIZE       =   ----    ----
   DATA SIZE        =      8       6
   IDATA SIZE       =   ----    ----
   BIT SIZE         =   ----       1
END OF MODULE INFORMATION.


C51 COMPILATION COMPLETE.  0 WARNING(S),  0 ERROR(S)
