C51 COMPILER V7.06   _阏竽_拟_缣萆______                                                  11/21/2013 10:16:26 PAGE 1   


C51 COMPILER V7.06, COMPILATION OF MODULE _阏竽_拟_缣萆______
OBJECT MODULE PLACED IN .\obj\点阵模拟电梯上行下行.obj
COMPILER INVOKED BY: C:\Keil\C51\BIN\C51.EXE 点阵模拟电梯上行下行.c BROWSE DEBUG OBJECTEXTEND PRINT(.\obj\点阵模拟电梯上
                    -行下行.lst) OBJECT(.\obj\点阵模拟电梯上行下行.obj)

stmt level    source

   1          /*-----------------------------------------------
   2            名称：双色点阵
   3            论坛：www.doflye.net
   4            编写：shifang
   5            修改：无
   6            内容：使用hc595驱动双色点阵 
   7          ------------------------------------------------*/
   8          #include<reg52.h>    //包含头文件，一般情况不需要改动，头文件包含特殊功能寄存器的定义
   9          #include <intrins.h> 
  10          
  11          //unsigned char  segout[8]={0,1,2,3,4,5,6,7}; //8列
  12          unsigned char  segout[8]={0x01,0x02,0x04,0x08,0x10,0x20,0x40,0x80}; //8列
  13          unsigned char code tab[]={
  14                                  0x00,0x00,0x00,0x00,0x00,0x00,0x00,0x00,
  15                                  0x08,0x1C,0x3E,0x7F,0x1C,0x1C,0x1C,0x1C,
  16                                                          0x00,0x00,0x00,0x00,0x00,0x00,0x00,0x00
  17                                  };
  18          /*------------------------------------------------
  19                          硬件端口定义
  20          ------------------------------------------------*/
  21          
  22          sbit LATCH = P1^0; 
  23          sbit SRCLK= P1^1;
  24          sbit SER  = P1^2;
  25          
  26          
  27          sbit LATCH_B = P2^2;
  28          sbit SRCLK_B= P2^1;
  29          sbit SER_B= P2^0;
  30          
  31          /*------------------------------------------------
  32           uS延时函数，含有输入参数 unsigned char t，无返回值
  33           unsigned char 是定义无符号字符变量，其值的范围是
  34           0~255 这里使用晶振12M，精确延时请使用汇编,大致延时
  35           长度如下 T=tx2+5 uS 
  36          ------------------------------------------------*/
  37          void DelayUs2x(unsigned char t)
  38          {   
  39   1       while(--t);
  40   1      }
  41          /*------------------------------------------------
  42           mS延时函数，含有输入参数 unsigned char t，无返回值
  43           unsigned char 是定义无符号字符变量，其值的范围是
  44           0~255 这里使用晶振12M，精确延时请使用汇编
  45          ------------------------------------------------*/
  46          void DelayMs(unsigned char t)
  47          {
  48   1           
  49   1       while(t--)
  50   1       {
  51   2           //大致延时1mS
  52   2           DelayUs2x(245);
  53   2               DelayUs2x(245);
  54   2       }
C51 COMPILER V7.06   _阏竽_拟_缣萆______                                                  11/21/2013 10:16:26 PAGE 2   

  55   1      }
  56          /*------------------------------------------------
  57                          发送字节程序
  58          ------------------------------------------------*/
  59          void SendByte(unsigned char dat)
  60          {    
  61   1        unsigned char i; 
  62   1              
  63   1         for(i=0;i<8;i++)
  64   1              {
  65   2               SRCLK=0;
  66   2               SER=dat&0x80;
  67   2               dat<<=1;
  68   2               SRCLK=1;
  69   2               }
  70   1               
  71   1      }
  72          /*------------------------------------------------
  73                          发送双字节程序
  74               595级联，n个595，就需要发送n字节后锁存
  75          ------------------------------------------------*/
  76          void Send2Byte(unsigned char dat1,unsigned char dat2)
  77          {    
  78   1         SendByte(dat1);
  79   1         SendByte(dat2);      
  80   1      }
  81          /*------------------------------------------------
  82                             595锁存程序
  83                            595级联发送数据后，锁存有效
  84          ------------------------------------------------*/
  85          void Out595(void)
  86          {
  87   1              LATCH=1;
  88   1              _nop_();
  89   1              LATCH=0;
  90   1      }
  91          
  92          /*------------------------------------------------
  93                          发送位码字节程序
  94                         使用另外一片单独595
  95          ------------------------------------------------*/
  96          void SendSeg(unsigned char dat)
  97          {    
  98   1      unsigned char i; 
  99   1              
 100   1         for(i=0;i<8;i++)  //发送字节
 101   1              {
 102   2               SRCLK_B=0;
 103   2               SER_B=dat&0x80;
 104   2               dat<<=1;
 105   2               SRCLK_B=1;
 106   2               }
 107   1            LATCH_B=1;    //锁存
 108   1            _nop_();
 109   1            LATCH_B=0;
 110   1               
 111   1               
 112   1      }
 113          /*------------------------------------------------
 114                             主程序
 115          ------------------------------------------------*/
 116          void main()
C51 COMPILER V7.06   _阏竽_拟_缣萆______                                                  11/21/2013 10:16:26 PAGE 3   

 117          {
 118   1      unsigned char i,j,k;
 119   1      while(1)
 120   1      {
 121   2                //上行指示
 122   2                for(j=0;j<16;j++)
 123   2                          for(k=0;k<10;k++)
 124   2                    for(i=0;i<8;i++) //8列显示
 125   2                        {
 126   3                           SendSeg(segout[7-i]);
 127   3              
 128   3                                               Send2Byte(~tab[i+j],0xff);
 129   3                                               Out595();
 130   3                           DelayMs(1);
 131   3                              
 132   3                                               Send2Byte(0xff,0xff);//delay(10); //防止重影
 133   3                                               Out595();
 134   3                        }
 135   2                //下行指示
 136   2                for(j=0;j<16;j++)
 137   2                          for(k=0;k<10;k++)
 138   2                    for(i=0;i<8;i++) //8列显示
 139   2                        {
 140   3                           SendSeg(segout[i]);
 141   3              
 142   3                                               Send2Byte(~tab[i+j],0xff);
 143   3                                               Out595();
 144   3                           DelayMs(1);
 145   3                              
 146   3                                               Send2Byte(0xff,0xff);//delay(10); //防止重影
 147   3                                               Out595();
 148   3                        }
 149   2                
 150   2          }
 151   1      }


MODULE INFORMATION:   STATIC OVERLAYABLE
   CODE SIZE        =    169    ----
   CONSTANT SIZE    =     24    ----
   XDATA SIZE       =   ----    ----
   PDATA SIZE       =   ----    ----
   DATA SIZE        =      8    ----
   IDATA SIZE       =   ----    ----
   BIT SIZE         =   ----    ----
END OF MODULE INFORMATION.


C51 COMPILATION COMPLETE.  0 WARNING(S),  0 ERROR(S)
