C51 COMPILER V7.06   8λ_________                                             06/15/2010 17:56:28 PAGE 1   


C51 COMPILER V7.06, COMPILATION OF MODULE 8λ_________
OBJECT MODULE PLACED IN .\obj\8λܾ̬ʾ֮.obj
COMPILER INVOKED BY: d:\Keil\C51\BIN\C51.EXE 8λܾ̬ʾ֮.c BROWSE DEBUG OBJECTEXTEND PRINT(.\obj\8λ
                    -̬ʾ֮.lst) OBJECT(.\obj\8λܾ̬ʾ֮.obj)

stmt level    source

   1          /*-----------------------------------------------
   2            ƣ8λʾ֮
   3            ̳www.doflye.net
   4            дshifang
   5            ڣ2009.5
   6            ޸ģ
   7            ݣʾ8λλ
   8          ------------------------------------------------*/
   9          #include<reg52.h> //ͷļһҪĶͷļ⹦ܼĴĶ
  10          
  11          #define DataPort P0 //ݶ˿ DataPort P0 滻
  12          sbit LATCH1=P2^2;//ʹܶ˿ 
  13          sbit LATCH2=P2^3;//                 λ
  14          
  15          /*------------------------------------------------
  16                              
  17          ------------------------------------------------*/
  18          main()
  19          {
  20   1      
  21   1       while(1)
  22   1            {
  23   2                 DataPort=0x7e; //ȡλ һλѡͨ0111 1110
  24   2             LATCH2=1;     //λ
  25   2             LATCH2=0;
  26   2      
  27   2             DataPort=0x4F; //ȡʾݣ 3ַ
  28   2             LATCH1=1;     //
  29   2             LATCH1=0;
  30   2            }
  31   1      }


MODULE INFORMATION:   STATIC OVERLAYABLE
   CODE SIZE        =     16    ----
   CONSTANT SIZE    =   ----    ----
   XDATA SIZE       =   ----    ----
   PDATA SIZE       =   ----    ----
   DATA SIZE        =   ----    ----
   IDATA SIZE       =   ----    ----
   BIT SIZE         =   ----    ----
END OF MODULE INFORMATION.


C51 COMPILATION COMPLETE.  0 WARNING(S),  0 ERROR(S)
