C51 COMPILER V9.01   KEYBOARD                                                              11/23/2017 00:30:49 PAGE 1   


C51 COMPILER V9.01, COMPILATION OF MODULE KEYBOARD
OBJECT MODULE PLACED IN keyboard.OBJ
COMPILER INVOKED BY: N:\keil\C51\BIN\C51.EXE keyboard.c BROWSE DEBUG OBJECTEXTEND

line level    source

   1          #include "keyboard.h"
   2          
   3          //按键扫描函数 :    
   4          //功能；只扫描一个按键，按键为号小优先  
   5          //返回键值：
   6          //         7    8    9    10       //10:清除单价并且清除重量    
   7          //         4    5    6    11       //11:清除单价最后一位
   8          //         1    2    3    12       //12:去皮
   9          //         14   0    15   13       //14:无功能（用于扩展）15：小数点  13：确定
  10          
  11          unsigned char Getkeyboard(void)
  12          {
  13   1          unsigned char number = 0;
  14   1          unsigned char i;
  15   1              
  16   1              //行输入低电平
  17   1          ROW1=ROW2=ROW3=ROW4=0;
  18   1              //如果列输出不全为高，则说明有键按下
  19   1              if ((COL1!=1)||(COL2!=1)||(COL3!=1)||(COL4!=1))
  20   1              {
  21   2                 //输入0111
  22   2                 ROW1=0;
  23   2                 ROW2=ROW3=ROW4=1;
  24   2                 for (i=0;i<20;i++);
  25   2                 if (COL1==0) return 7;          // 1
  26   2                 else if (COL2==0) return 8;  //       2
  27   2                 else if (COL3==0) return 9;   //     3
  28   2                 else if (COL4==0) return 10;  //      10
  29   2                 //输入1011
  30   2                 ROW2=0;
  31   2                 ROW1=ROW3=ROW4=1;
  32   2                 for (i=0;i<20;i++);
  33   2                 if (COL1==0) return 4;         //4
  34   2                 else if (COL2==0) return 5; //  5
  35   2                 else if (COL3==0) return 6;  // 6
  36   2                 else if (COL4==0) return 11;  //     11
  37   2                 //输入1101
  38   2                 ROW3=0;
  39   2                 ROW1=ROW2=ROW4=1;
  40   2                 for (i=0;i<20;i++);
  41   2                 if (COL1==0) return 1;  //7
  42   2                 else if (COL2==0) return 2;    // 8
  43   2                 else if (COL3==0) return 3;    //   9
  44   2                 else if (COL4==0) return 12;   //   12
  45   2                 //输入0111
  46   2                 ROW4=0;
  47   2                 ROW1=ROW2=ROW3=1;
  48   2                 for (i=0;i<20;i++);
  49   2                 if (COL1==0) return 14;
  50   2                 else if (COL2==0) return 0;
  51   2                 else if (COL3==0) return 15;
  52   2                 else if (COL4==0) return 13;
  53   2                 //没有检测到列低电平
  54   2                 return 99;
  55   2              }
C51 COMPILER V9.01   KEYBOARD                                                              11/23/2017 00:30:49 PAGE 2   

  56   1              return 99;
  57   1      }


MODULE INFORMATION:   STATIC OVERLAYABLE
   CODE SIZE        =    184    ----
   CONSTANT SIZE    =   ----    ----
   XDATA SIZE       =   ----    ----
   PDATA SIZE       =   ----    ----
   DATA SIZE        =   ----       1
   IDATA SIZE       =   ----    ----
   BIT SIZE         =   ----    ----
END OF MODULE INFORMATION.


C51 COMPILATION COMPLETE.  0 WARNING(S),  0 ERROR(S)
