C51 COMPILER V7.06   MAIN                                                                  09/10/2012 10:17:11 PAGE 1   


C51 COMPILER V7.06, COMPILATION OF MODULE MAIN
OBJECT MODULE PLACED IN .\obj\main.obj
COMPILER INVOKED BY: d:\Keil\C51\BIN\C51.EXE main.c BROWSE DEBUG OBJECTEXTEND PRINT(.\obj\main.lst) OBJECT(.\obj\main.ob
                    -j)

stmt level    source

   1          /*-----------------------------------------------
   2            名称：频率计
   3            论坛：www.doflye.net
   4            编写：shifang
   5            日期：2009.5
   6            修改：无
   7            内容：T0外部计数，T1计时1S，计算1S内外部脉冲个数，并在液晶显示
   8                  频率：单位时间内完成振动的次数 这里用于电机测速 电机转盘
   9                  有4个孔，所以测到的波形个数除以4才是转一周的时间
  10                  然后换算成一分钟的转速
  11          ------------------------------------------------*/
  12          #include<reg52.h> //包含头文件，一般情况不需要改动，头文件包含特殊功能寄存器的定义
  13          #include<stdio.h>
  14          #include"1602.h"
  15          #include"delay.h"
  16          #define HIGH (65536-10000)/256
  17          #define LOW  (65536-10000)%256
  18          
  19          //sbit LED=P1^2;    //定义LED端口
  20          bit OVERFLOWFLAG;
  21          bit TIMERFLAG;
  22          /*------------------------------------------------
  23                              定时器0初始化子程序
  24                                                  本程序用于计数
  25          ------------------------------------------------*/
  26          void Init_Timer0(void)
  27          {
  28   1       TMOD |= 0x01 | 0x04;     //使用模式1，16位计数器，使用"|"符号可以在使用多个定时器时不受影响                 
  29   1       TH0=0x00;            //给定初值
  30   1       TL0=0x00;         
  31   1       EA=1;            //总中断打开
  32   1       ET0=1;           //定时器中断打开
  33   1       TR0=1;           //定时器开关打开
  34   1      }
  35          /*------------------------------------------------
  36                              定时器1初始化子程序
  37                                                  本程序用于定时
  38          ------------------------------------------------*/
  39          void Init_Timer1(void)
  40          {
  41   1       TMOD |= 0x10;    //使用模式1，16位定时器，使用"|"符号可以在使用多个定时器时不受影响 
  42   1       TH1=HIGH;            //给定初值，这里使用定时器最大值从0开始计数一直到65535溢出
  43   1       TL1=LOW;
  44   1       EA=1;            //总中断打开
  45   1       ET1=1;           //定时器中断打开
  46   1       TR1=1;           //定时器开关打开
  47   1      }
  48          /*------------------------------------------------
  49                              主程序
  50          ------------------------------------------------*/
  51          main()
  52          {
  53   1       unsigned  long int a;
  54   1       char temp[16];      //定义字符显示缓冲数组
C51 COMPILER V7.06   MAIN                                                                  09/10/2012 10:17:11 PAGE 2   

  55   1       Init_Timer0();      //初始化定时器0
  56   1       Init_Timer1();      //初始化定时器1
  57   1       LCD_Init();         //初始化液晶屏
  58   1       DelayMs(10);        //延时用于稳定，可以去掉
  59   1       LCD_Clear();        //清屏
  60   1       LCD_Write_String(0,0,"www.doflye.net");//写入第一行信息，主循环中不再更改此信息，所以在while之前写入
  61   1       while(1)
  62   1       {
  63   2        if(OVERFLOWFLAG)//检测溢出标志，如果溢出表明频率过高，显示溢出信息
  64   2          {
  65   3               OVERFLOWFLAG=0;//标志清零
  66   3           LCD_Write_String(0,1,"overflow >655KHz");
  67   3              }
  68   2        if(TIMERFLAG)      //定时100ms到，做数据处理
  69   2          {
  70   3               a=TL0+TH0*256;//读取计数值
  71   3               a=a*10;     //扩大到实际值 1秒钟转速
  72   3           a=a/4;      //按照电机转盘实际操作 转盘有4个孔
  73   3               a=a*60;
  74   3           sprintf(temp,"%8.0f r/min",(float)a);
  75   3           LCD_Write_String(0,1,temp);//显示到液晶第二行
  76   3               TR0=1;                     //2个定时器打开
  77   3               TR1=1;
  78   3               TH0=0;                     //保证计数器初值为0
  79   3               TL0=0;
  80   3               TIMERFLAG=0;               //打开计时计数标志
  81   3               
  82   3              }
  83   2        }
  84   1      }
  85          
  86          /*------------------------------------------------
  87                           定时器0中断子程序
  88          ------------------------------------------------*/
  89          void Timer0_isr(void) interrupt 1
  90          {
  91   1       TH0=00;              //重新给定初值
  92   1       TL0=00; 
  93   1      
  94   1       OVERFLOWFLAG=1;  //溢出标志
  95   1      
  96   1      }
  97          /*------------------------------------------------
  98                           定时器1中断子程序
  99          ------------------------------------------------*/
 100          void Timer1_isr(void) interrupt 3
 101          {
 102   1       static unsigned char i;
 103   1       TH1=HIGH;               //重新赋值10ms
 104   1       TL1=LOW;
 105   1      
 106   1       i++;
 107   1       if(i==10)       //100ms 计数时间单位，得出100ms脉冲个数 x10就是1s中脉冲个数，即为频率 Hz 
 108   1         {
 109   2         i=0;
 110   2         TR0=0;        //2个定时器关闭
 111   2         TR1=0;
 112   2         TIMERFLAG=1;  //标志位清零
 113   2         TH1=HIGH;     //重新赋值
 114   2         TL1=LOW;
 115   2         }
 116   1      }
C51 COMPILER V7.06   MAIN                                                                  09/10/2012 10:17:11 PAGE 3   



MODULE INFORMATION:   STATIC OVERLAYABLE
   CODE SIZE        =    261    ----
   CONSTANT SIZE    =     44    ----
   XDATA SIZE       =   ----    ----
   PDATA SIZE       =   ----    ----
   DATA SIZE        =      1      20
   IDATA SIZE       =   ----    ----
   BIT SIZE         =      2    ----
END OF MODULE INFORMATION.


C51 COMPILATION COMPLETE.  0 WARNING(S),  0 ERROR(S)
