C51 COMPILER V7.06   _ÔÊ___Êı_ã                                                            06/15/2010 18:03:04 PAGE 1   


C51 COMPILER V7.06, COMPILATION OF MODULE _ÔÊ___Êı_ã
OBJECT MODULE PLACED IN .\obj\ÏÔÊ¾Ğ¡Êıµã.obj
COMPILER INVOKED BY: d:\Keil\C51\BIN\C51.EXE ÏÔÊ¾Ğ¡Êıµã.c BROWSE DEBUG OBJECTEXTEND PRINT(.\obj\ÏÔÊ¾Ğ¡Êıµã.lst) OBJECT(.
                    -\obj\ÏÔÊ¾Ğ¡Êıµã.obj)

stmt level    source

   1          /*-----------------------------------------------
   2            Ãû³Æ£º¶àÎ»ÊıÂë¹Ü¶¯Ì¬É¨ÃèÏÔÊ¾±ä»¯Êı¾İ ÏÔÊ¾Ğ¡Êıµã·½·¨
   3            ÂÛÌ³£ºwww.doflye.net
   4            ±àĞ´£ºshifang
   5            ÈÕÆÚ£º2009.5
   6            ĞŞ¸Ä£ºÎŞ
   7            ÄÚÈİ£º¶àÎ»ÊıÂë¹Ü·Ö±ğÏÔÊ¾²»Í¬Êı×Ö£¬ÕâÖÖÉ¨ÃèÏÔÊ¾·½Ê½³ÉÎª¶¯Ì¬É¨Ãè£¬²¢²»Í£±ä»¯¸³Öµ
   8                  ¹²ÒõÊıÂë¹ÜÖ»ÒªÔÚ¶ÔÓ¦µÄÊı×ÖºóÃæ | 0x80 ¼´¿ÉÏÔÊ¾Ğ¡Êıµã ¹²ÑôÊıÂë¹Ü Ôò &0x7F 
   9          ------------------------------------------------*/
  10          #include<reg52.h> //°üº¬Í·ÎÄ¼ş£¬Ò»°ãÇé¿ö²»ĞèÒª¸Ä¶¯£¬Í·ÎÄ¼ş°üº¬ÌØÊâ¹¦ÄÜ¼Ä´æÆ÷µÄ¶¨Òå
  11          
  12          #define DataPort P0 //¶¨ÒåÊı¾İ¶Ë¿Ú ³ÌĞòÖĞÓöµ½DataPort ÔòÓÃP0 Ìæ»»
  13          sbit LATCH1=P2^2;//¶¨ÒåËø´æÊ¹ÄÜ¶Ë¿Ú ¶ÎËø´æ
  14          sbit LATCH2=P2^3;//                 Î»Ëø´æ
  15          
  16          unsigned char code dofly_DuanMa[10]={0x3f,0x06,0x5b,0x4f,0x66,0x6d,0x7d,0x07,0x7f,0x6f};// ÏÔÊ¾¶ÎÂëÖµ0~9
  17          unsigned char code dofly_WeiMa[]={0xfe,0xfd,0xfb,0xf7,0xef,0xdf,0xbf,0x7f};//·Ö±ğ¶ÔÓ¦ÏàÓ¦µÄÊıÂë¹ÜµãÁÁ,¼´Î»
             -Âë
  18          unsigned char TempData[8]; //´æ´¢ÏÔÊ¾ÖµµÄÈ«¾Ö±äÁ¿
  19          void Delay(unsigned int t); //º¯ÊıÉùÃ÷
  20          void Display(unsigned char FirstBit,unsigned char Num);
  21          /*------------------------------------------------
  22                              Ö÷º¯Êı
  23          ------------------------------------------------*/
  24          main()
  25          {
  26   1       unsigned int num;
  27   1       unsigned int j;
  28   1       while(1)
  29   1            {
  30   2                 j++;
  31   2                 if(j==200)  //¼ì²âµ±Ç°ÊıÖµÏÔÊ¾ÁËÒ»Ğ¡¶ÎÊ±¼äºó£¬ĞèÒªÏÔÊ¾µÄÊıÖµ¼Ó1£¬ÊµÏÖÊı¾İÏÔÊ¾µÄ±ä»¯
  32   2                   {
  33   3                        j=0;
  34   3                        num++;
  35   3                        if(num==1000)//ÓÃÓÚÏÔÊ¾0~999
  36   3                          num=0;
  37   3      
  38   3                       }
  39   2             
  40   2                 TempData[0]=dofly_DuanMa[num/100];//·Ö½âÏÔÊ¾ĞÅÏ¢£¬ÈçÒªÏÔÊ¾68£¬Ôò68/10=6  68%10=8  
  41   2                 TempData[1]=dofly_DuanMa[(num%100)/10]|0x80; //¹²ÒõÊıÂë¹ÜÖ»ÒªÔÚ¶ÔÓ¦µÄÊı×ÖºóÃæ | 0x80 ¼´¿ÉÏÔÊ¾Ğ¡Êıµã
  42   2                 TempData[2]=dofly_DuanMa[(num%100)%10];
  43   2                 Display(2,3);
  44   2            }
  45   1      }
  46          /*------------------------------------------------
  47           ÑÓÊ±º¯Êı£¬º¬ÓĞÊäÈë²ÎÊı unsigned int t£¬ÎŞ·µ»ØÖµ
  48           unsigned int ÊÇ¶¨ÒåÎŞ·ûºÅÕûĞÎ±äÁ¿£¬ÆäÖµµÄ·¶Î§ÊÇ
  49           0~65535
  50          ------------------------------------------------*/
  51          void Delay(unsigned int t)
  52          {
  53   1       while(--t);
C51 COMPILER V7.06   _ÔÊ___Êı_ã                                                            06/15/2010 18:03:04 PAGE 2   

  54   1      }
  55          /*------------------------------------------------
  56           ÏÔÊ¾º¯Êı£¬ÓÃÓÚ¶¯Ì¬É¨ÃèÊıÂë¹Ü
  57           ÊäÈë²ÎÊı FirstBit ±íÊ¾ĞèÒªÏÔÊ¾µÄµÚÒ»Î»£¬Èç¸³Öµ2±íÊ¾´ÓµÚÈı¸öÊıÂë¹Ü¿ªÊ¼ÏÔÊ¾
  58           ÈçÊäÈë0±íÊ¾´ÓµÚÒ»¸öÏÔÊ¾¡£
  59           Num±íÊ¾ĞèÒªÏÔÊ¾µÄÎ»Êı£¬ÈçĞèÒªÏÔÊ¾99Á½Î»ÊıÖµÔò¸ÃÖµÊäÈë2
  60          ------------------------------------------------*/
  61          void Display(unsigned char FirstBit,unsigned char Num)
  62          {
  63   1            unsigned char i;
  64   1                
  65   1                for(i=0;i<Num;i++)
  66   1                 { 
  67   2                 DataPort=0;   //Çå¿ÕÊı¾İ£¬·ÀÖ¹ÓĞ½»ÌæÖØÓ°
  68   2             LATCH1=1;     //¶ÎËø´æ
  69   2             LATCH1=0;
  70   2      
  71   2             DataPort=dofly_WeiMa[i+FirstBit]; //È¡Î»Âë 
  72   2             LATCH2=1;     //Î»Ëø´æ
  73   2             LATCH2=0;
  74   2      
  75   2             DataPort=TempData[i]; //È¡ÏÔÊ¾Êı¾İ£¬¶ÎÂë
  76   2             LATCH1=1;     //¶ÎËø´æ
  77   2             LATCH1=0;
  78   2             
  79   2                 Delay(200); // É¨Ãè¼äÏ¶ÑÓÊ±£¬Ê±¼äÌ«³¤»áÉÁË¸£¬Ì«¶Ì»áÔì³ÉÖØÓ°
  80   2      
  81   2             }
  82   1      
  83   1      }


MODULE INFORMATION:   STATIC OVERLAYABLE
   CODE SIZE        =    201    ----
   CONSTANT SIZE    =     18    ----
   XDATA SIZE       =   ----    ----
   PDATA SIZE       =   ----    ----
   DATA SIZE        =      8       4
   IDATA SIZE       =   ----    ----
   BIT SIZE         =   ----    ----
END OF MODULE INFORMATION.


C51 COMPILATION COMPLETE.  0 WARNING(S),  0 ERROR(S)
