C51 COMPILER V7.06   DELAY                                                                 09/10/2012 09:02:04 PAGE 1   


C51 COMPILER V7.06, COMPILATION OF MODULE DELAY
OBJECT MODULE PLACED IN .\Obj\delay.obj
COMPILER INVOKED BY: d:\Keil\C51\BIN\C51.EXE delay.c BROWSE DEBUG OBJECTEXTEND PRINT(.\List\delay.lst) OBJECT(.\Obj\dela
                    -y.obj)

stmt level    source

   1          #include "delay.h"
   2          
   3          /*------------------------------------------------
   4           uS延时函数，含有输入参数 unsigned char t，无返回值
   5           unsigned char 是定义无符号字符变量，其值的范围是
   6           0~255 这里使用晶振12M，精确延时请使用汇编,大致延时
   7           长度如下 T=tx2+5 uS 
   8          ------------------------------------------------*/
   9          void DelayUs2x(unsigned char t)
  10          {   
  11   1       while(--t);
  12   1      }
  13          /*------------------------------------------------
  14           mS延时函数，含有输入参数 unsigned char t，无返回值
  15           unsigned char 是定义无符号字符变量，其值的范围是
  16           0~255 这里使用晶振12M，精确延时请使用汇编
  17          ------------------------------------------------*/
  18          void DelayMs(unsigned char t)
  19          {
  20   1           
  21   1       while(t--)
  22   1       {
  23   2           //大致延时1mS
  24   2           DelayUs2x(245);
  25   2               DelayUs2x(245);
  26   2       }
  27   1      }
  28          


MODULE INFORMATION:   STATIC OVERLAYABLE
   CODE SIZE        =     24    ----
   CONSTANT SIZE    =   ----    ----
   XDATA SIZE       =   ----    ----
   PDATA SIZE       =   ----    ----
   DATA SIZE        =   ----    ----
   IDATA SIZE       =   ----    ----
   BIT SIZE         =   ----    ----
END OF MODULE INFORMATION.


C51 COMPILATION COMPLETE.  0 WARNING(S),  0 ERROR(S)
