C51 COMPILER V7.06   1_____LED__ת                                            05/17/2010 00:13:03 PAGE 1   


C51 COMPILER V7.06, COMPILATION OF MODULE 1_____LED__ת
OBJECT MODULE PLACED IN .\obj\1LED״̬ת.obj
COMPILER INVOKED BY: d:\Keil\C51\BIN\C51.EXE 1LED״̬ת.c BROWSE DEBUG OBJECTEXTEND PRINT(.\obj\1
                    -LED״̬ת.lst) OBJECT(.\obj\1LED״̬ת.obj)

stmt level    source

   1          /*-----------------------------------------------
   2            ƣled״̬
   3            ̳www.doflye.net
   4            дshifang
   5            ڣ2009.5
   6            ޸ģ
   7            ݣһΰledٰһϨԴѭ
   8          ------------------------------------------------*/
   9          #include<reg52.h> //ͷļһҪĶͷļ⹦ܼĴĶ
  10          
  11          sbit KEY=P3^3;  //尴˿
  12          sbit LED=P1^2;  //led˿
  13          
  14          
  15          void DelayUs2x(unsigned char t);//
  16          void DelayMs(unsigned char t);
  17          /*------------------------------------------------
  18                              
  19          ------------------------------------------------*/
  20          void main (void)
  21          {
  22   1                        
  23   1      KEY=1; //˿ڵƽø
  24   1      while (1)         //ѭ
  25   1        {
  26   2      
  27   2        if(!KEY)  //⵽͵ƽ˵
  28   2          {
  29   3               DelayMs(10); //ʱȥһ10-20ms
  30   3           if(!KEY)     //ٴȷϰǷ£ûа˳
  31   3                 {
  32   4              while(!KEY);//ȷϰ°ȴͷţûͷһֱȴ
  33   4                     {
  34   5                     LED=!LED;//ͷִҪĳ
  35   5                              }
  36   4                 }
  37   3              }
  38   2      
  39   2           //ѭҪһֱĳ
  40   2              
  41   2        }
  42   1      }
  43          /*------------------------------------------------
  44           uSʱ unsigned char t޷ֵ
  45           unsigned char Ƕ޷ֵַķΧ
  46           0~255 ʹþ12Mȷʱʹû,ʱ
  47            T=tx2+5 uS 
  48          ------------------------------------------------*/
  49          void DelayUs2x(unsigned char t)
  50          {   
  51   1       while(--t);
  52   1      }
  53          /*------------------------------------------------
  54           mSʱ unsigned char t޷ֵ
C51 COMPILER V7.06   1_____LED__ת                                            05/17/2010 00:13:03 PAGE 2   

  55           unsigned char Ƕ޷ֵַķΧ
  56           0~255 ʹþ12Mȷʱʹû
  57          ------------------------------------------------*/
  58          void DelayMs(unsigned char t)
  59          {
  60   1           
  61   1       while(t--)
  62   1       {
  63   2           //ʱ1mS
  64   2           DelayUs2x(245);
  65   2               DelayUs2x(245);
  66   2       }
  67   1      }


MODULE INFORMATION:   STATIC OVERLAYABLE
   CODE SIZE        =     44    ----
   CONSTANT SIZE    =   ----    ----
   XDATA SIZE       =   ----    ----
   PDATA SIZE       =   ----    ----
   DATA SIZE        =   ----    ----
   IDATA SIZE       =   ----    ----
   BIT SIZE         =   ----    ----
END OF MODULE INFORMATION.


C51 COMPILATION COMPLETE.  0 WARNING(S),  0 ERROR(S)
