C51 COMPILER V9.01   人体红_                                                              11/27/2017 20:36:56 PAGE 1   


C51 COMPILER V9.01, COMPILATION OF MODULE 人体红_
OBJECT MODULE PLACED IN 人体红外.OBJ
COMPILER INVOKED BY: I:\Program Files\Keil\C51\BIN\C51.EXE 人体红外.c BROWSE DEBUG OBJECTEXTEND

line level    source

   1          #include<reg51.h>
   2          #define uint unsigned int
   3          void delay(uint xms);
   4          sbit led1=P0^0;
   5          void main(){
   6   1               led1=0; //灯灭
   7   1               IT0=0;//低电平有效
   8   1               EA=1;  
   9   1               EX0=1;
  10   1               while(1){
  11   2               if(led1==1)
  12   2                              led1=0;
  13   2               }
  14   1      }
  15          
  16          void externalInterruption() interrupt 0
  17          {
  18   1                led1 = ~led1;
  19   1                      delay(100);
  20   1      }
  21          
  22          void delay(uint xms){
  23   1      uint i,j;
  24   1              for(i=xms;i>0;i--)
  25   1                      for(j=110;j>0;j--);
  26   1      }
  27          
  28          


MODULE INFORMATION:   STATIC OVERLAYABLE
   CODE SIZE        =    110    ----
   CONSTANT SIZE    =   ----    ----
   XDATA SIZE       =   ----    ----
   PDATA SIZE       =   ----    ----
   DATA SIZE        =   ----    ----
   IDATA SIZE       =   ----    ----
   BIT SIZE         =   ----    ----
END OF MODULE INFORMATION.


C51 COMPILATION COMPLETE.  0 WARNING(S),  0 ERROR(S)
