C51 COMPILER V7.06   8λ_______                                             06/15/2010 17:57:43 PAGE 1   


C51 COMPILER V7.06, COMPILATION OF MODULE 8λ_______
OBJECT MODULE PLACED IN .\obj\8λ̬ܶɨԭʾ.obj
COMPILER INVOKED BY: d:\Keil\C51\BIN\C51.EXE 8λ̬ܶɨԭʾ.c BROWSE DEBUG OBJECTEXTEND PRINT(.\obj\8λ
                    -̬ɨԭʾ.lst) OBJECT(.\obj\8λ̬ܶɨԭʾ.obj)

stmt level    source

   1          /*-----------------------------------------------
   2            ƣ8λ̬ܶɨʾ
   3            ̳www.doflye.net
   4            дshifang
   5            ڣ2009.5
   6            ޸ģ
   7            ݣ8λֱܷʾ֣ͬɨʾʽΪ̬ɨ
   8          ------------------------------------------------*/
   9          #include<reg52.h> //ͷļһҪĶͷļ⹦ܼĴĶ
  10          
  11          #define DataPort P0 //ݶ˿ DataPort P0 滻
  12          sbit LATCH1=P2^2;//ʹܶ˿ 
  13          sbit LATCH2=P2^3;//                 λ
  14          
  15          unsigned char code dofly_DuanMa[]={0x3f,0x06,0x5b,0x4f,0x66,0x6d,0x7d,0x07,0x7f,0x6f};// ʾֵ0123456
             -7
  16          unsigned char code dofly_WeiMa[]={0xfe,0xfd,0xfb,0xf7,0xef,0xdf,0xbf,0x7f};//ֱӦӦܵ,λ
             -
  17          
  18          void Delay(unsigned int t); //
  19          
  20          /*------------------------------------------------
  21                              
  22          ------------------------------------------------*/
  23          main()
  24          {
  25   1       unsigned char i=0;
  26   1       while(1)
  27   1            {
  28   2                 DataPort=dofly_WeiMa[i]; //ȡλ 
  29   2             LATCH2=1;     //λ
  30   2             LATCH2=0;
  31   2      
  32   2             DataPort=dofly_DuanMa[i]; //ȡʾݣ
  33   2             LATCH1=1;     //
  34   2             LATCH1=0;
  35   2      
  36   2                 Delay(60000); // ɨ϶ʱʱ̫˸̫̻Ӱӳʱ䣬ֱۿ̬ɨ
             -
  37   2                 i++;
  38   2                 if(8==i)    //8λɨȫɨӵһʼٴɨ8λ
  39   2                   i=0;
  40   2            }
  41   1      }
  42          /*------------------------------------------------
  43           ʱ unsigned int t޷ֵ
  44           unsigned int Ƕ޷αֵķΧ
  45           0~65535
  46          ------------------------------------------------*/
  47          void Delay(unsigned int t)
  48          {
  49   1       while(--t);
  50   1      }
  51          
C51 COMPILER V7.06   8λ_______                                             06/15/2010 17:57:43 PAGE 2   



MODULE INFORMATION:   STATIC OVERLAYABLE
   CODE SIZE        =     56    ----
   CONSTANT SIZE    =     18    ----
   XDATA SIZE       =   ----    ----
   PDATA SIZE       =   ----    ----
   DATA SIZE        =   ----       1
   IDATA SIZE       =   ----    ----
   BIT SIZE         =   ----    ----
END OF MODULE INFORMATION.


C51 COMPILATION COMPLETE.  0 WARNING(S),  0 ERROR(S)
