C51 COMPILER V9.01   MOTO                                                                  07/09/2016 21:38:44 PAGE 1   


C51 COMPILER V9.01, COMPILATION OF MODULE MOTO
OBJECT MODULE PLACED IN Moto.OBJ
COMPILER INVOKED BY: C:\Keil\C51\BIN\C51.EXE Moto.c BROWSE DEBUG OBJECTEXTEND

line level    source

   1          #include <reg52.h>
   2          sbit KEY1 = P3^2;
   3          sbit PWM = P1^5;
   4          unsigned char CYCLE; //定义周期 该数字X基准定时时间 如果是10 则周期是10 x 0.1ms
   5          unsigned char PWM_ON ;//定义高电平时间
   6          void delay(unsigned int cnt)
   7          {
   8   1       while(--cnt);
   9   1      }
  10          
  11          main()
  12          {
  13   1      unsigned char PWM_Num;//定义档位
  14   1      TMOD |=0x01;//定时器设置 1ms in 12M crystal
  15   1      TH0=(65536-1000)/256; 
  16   1      TL0=(65536-1000)%256;//定时1mS 
  17   1      IE= 0x82;  //打开中断
  18   1      TR0=1;
  19   1      
  20   1      CYCLE = 10;// 时间可以调整 这个是10步调整 周期10ms 8位PWM就是256步
  21   1      while(1)
  22   1        {
  23   2      if(!KEY1)
  24   2        {
  25   3         delay(30000);
  26   3         if(!KEY1)
  27   3           {
  28   4            PWM_Num++;
  29   4                if(PWM_Num==4)PWM_Num=0;
  30   4             switch(PWM_Num){
  31   5             case 0:P0=0x06;PWM_ON=0;break;//高电平时长 
  32   5             case 1:P0=0x5B;PWM_ON=4;break;
  33   5             case 2:P0=0x4F;PWM_ON=6;break;
  34   5             case 3:P0=0x66;PWM_ON=8;break;
  35   5             default:break;
  36   5           }
  37   4         }
  38   3      
  39   3        }
  40   2       }
  41   1      
  42   1      }
  43          /********************************/
  44          /*      定时中断                */
  45          /********************************/
  46          void tim(void) interrupt 1 using 1
  47          {
  48   1      static unsigned char count; //
  49   1      TH0=(65536-1000)/256; 
  50   1      TL0=(65536-1000)%256;//定时1mS 
  51   1      
  52   1      if (count==PWM_ON)
  53   1          {
  54   2           PWM = 1; //灯灭 
  55   2          }
C51 COMPILER V9.01   MOTO                                                                  07/09/2016 21:38:44 PAGE 2   

  56   1        count++;
  57   1      if(count == CYCLE)
  58   1          {
  59   2          count=0;
  60   2              if(PWM_ON!=0) //如果左右时间是0 保持原来状态
  61   2                 PWM = 0;//灯亮
  62   2      
  63   2          }
  64   1      
  65   1      }


MODULE INFORMATION:   STATIC OVERLAYABLE
   CODE SIZE        =    130    ----
   CONSTANT SIZE    =   ----    ----
   XDATA SIZE       =   ----    ----
   PDATA SIZE       =   ----    ----
   DATA SIZE        =      3    ----
   IDATA SIZE       =   ----    ----
   BIT SIZE         =   ----    ----
END OF MODULE INFORMATION.


C51 COMPILATION COMPLETE.  0 WARNING(S),  0 ERROR(S)
