C51 COMPILER V9.01   7SEG                                                                  08/10/2016 10:04:54 PAGE 1   


C51 COMPILER V9.01, COMPILATION OF MODULE 7SEG
OBJECT MODULE PLACED IN 7seg.OBJ
COMPILER INVOKED BY: C:\Keil\C51\BIN\C51.EXE 7seg.c BROWSE DEBUG OBJECTEXTEND

line level    source

   1          /*******************************************************************************
   2          *  数码管显示（译码器位选 共阴极）                                             *
   3          ********************************************************************************/
   4          
   5          #include <reg51.h> 
   6          
   7          
   8          void delay(unsigned int i);      //函数声名
   9          
  10          char DelayCNT;
  11           
  12          //此表为 LED 的字模, 共阴数码管   0-9  - 
  13          unsigned char code Disp_Tab[] = {0x3f,0x06,0x5b,0x4f,0x66,0x6d,0x7d,0x07,0x7f,0x6f,0x40}; 
  14          
  15          /************主函数**********************/ 
  16          main()
  17          {  
  18   1         unsigned int i;
  19   1      
  20   1        while(1)  //进入循环状态
  21   1        {      
  22   2              
  23   2               for( i=0; i<10; i++)  //实现8位动态扫描循环
  24   2               {       
  25   3                P1 = Disp_Tab[i];  //将字模送到P0口显示
  26   3                delay(30000);
  27   3               }
  28   2               
  29   2        }   
  30   1      }       
  31          
  32          /***************************************************************************
  33          *                                                                                                                                                  *
  34          *                                   延时程序                                                           *
  35          ****************************************************************************/
  36          void delay(unsigned int i)
  37          {
  38   1          char j;
  39   1          for(i; i > 0; i--)
  40   1              for(j = 200; j > 0; j--);
  41   1      }
  42          
  43          


MODULE INFORMATION:   STATIC OVERLAYABLE
   CODE SIZE        =     69    ----
   CONSTANT SIZE    =     11    ----
   XDATA SIZE       =   ----    ----
   PDATA SIZE       =   ----    ----
   DATA SIZE        =      1       2
   IDATA SIZE       =   ----    ----
   BIT SIZE         =   ----    ----
END OF MODULE INFORMATION.


C51 COMPILATION COMPLETE.  0 WARNING(S),  0 ERROR(S)
