C51 COMPILER V7.06   _______                                                06/15/2010 17:52:35 PAGE 1   


C51 COMPILER V7.06, COMPILATION OF MODULE _______
OBJECT MODULE PLACED IN .\obj\Ƶʾ.obj
COMPILER INVOKED BY: d:\Keil\C51\BIN\C51.EXE Ƶʾ.c BROWSE DEBUG OBJECTEXTEND PRINT(.\obj\Ƶ
                    -ʾ.lst) OBJECT(.\obj\Ƶʾ.obj)

stmt level    source

   1          /*-----------------------------------------------
   2            ƣ̬ܶʾ仯
   3            ̳www.doflye.net
   4            дshifang
   5            ڣ2009.5
   6            ޸ģ
   7            ݣͨѭP1ڰֵȻûаʱԭֵ 
   8          ------------------------------------------------*/
   9          #include<reg52.h> //ͷļһҪĶͷļ⹦ܼĴĶ
  10          
  11          unsigned char code dofly_table[10]={0xc0,0xf9,0xa4,0xb0,0x99,0x92,0x82,0xf8,0x80,0x90,}; // ʾֵ0-9
  12          
  13          /*------------------------------------------------
  14                              
  15          ------------------------------------------------*/
  16          void main (void)
  17          {
  18   1                        
  19   1      
  20   1      while (1)         //ѭ
  21   1        {
  22   2      
  23   2        switch(P3)  //P3Ϊˣ˿ڵƽж                            
  24   2             {
  25   3                  case 0xfe:P1=dofly_table[1];break;//0xfe = 1111 1110,˵P3.0˿ڵİ,ʾӦȻ
             -ѭ
  26   3                      case 0xfd:P1=dofly_table[2];break;//ñеĵԪ 0xa4 ± 0 űʾеĵһԪ
  27   3                      case 0xfb:P1=dofly_table[3];break;
  28   3                      case 0xf7:P1=dofly_table[4];break;
  29   3                      case 0xef:P1=dofly_table[5];break;
  30   3                      case 0xdf:P1=dofly_table[6];break;
  31   3                      case 0xbf:P1=dofly_table[7];break;
  32   3                      case 0x7f:P1=dofly_table[8];break;
  33   3                      default:break;                    //û£ֱ
  34   3                 }
  35   2                           //ѭҪһֱĳ
  36   2        }
  37   1      }


MODULE INFORMATION:   STATIC OVERLAYABLE
   CODE SIZE        =     82    ----
   CONSTANT SIZE    =     10    ----
   XDATA SIZE       =   ----    ----
   PDATA SIZE       =   ----    ----
   DATA SIZE        =   ----    ----
   IDATA SIZE       =   ----    ----
   BIT SIZE         =   ----    ----
END OF MODULE INFORMATION.


C51 COMPILATION COMPLETE.  0 WARNING(S),  0 ERROR(S)
