C51 COMPILER V9.01   红___度_人体红_                                                    11/23/2017 19:55:14 PAGE 1   


C51 COMPILER V9.01, COMPILATION OF MODULE 红___度_人体红_
OBJECT MODULE PLACED IN 红外+温度+人体红外.OBJ
COMPILER INVOKED BY: I:\Program Files\Keil\C51\BIN\C51.EXE 红外+温度+人体红外.c BROWSE DEBUG OBJECTEXTEND

line level    source

   1          /********************************************************************
   2          *用温度传感器件DS18B20对温度的采集，并在数码管上显示出来。
   3          ***********************************************************************/
   4          #include<reg52.h>
   5          #include <intrins.h>
   6          #define uchar unsigned char
   7          #define uint  unsigned int
   8          
   9          #define jump_ROM 0xCC
  10          #define start 0x44
  11          #define read_EEROM 0xBE
  12          
  13          sbit DQ = P3^5;            //DS18B20数据口
  14          
  15          unsigned char TMPH,TMPL; 
  16          
  17          uchar code table[10] = {0x3f,0x06,0x5b,0x4f,0x66,0x6d,0x7d,0x07,0x7f,0x6f};
  18          
  19          sbit IRIN = P3^2;         //红外接收器数据线
  20          
  21          uchar IRCOM[7];
  22          
  23          sbit E=P2^3;
  24          sbit RW=P2^4;
  25          sbit RS=P2^5;
  26          
  27          #define LCM_Data  P0
  28          
  29          uchar code  cdis1[ ] = {"  Red Control  "};
  30          uchar code  cdis2[ ] = {"  IR-CODE:--H  "};
  31          
  32          /********************************************************************
  33          * 名称 : delay()
  34          * 功能 : 延时,延时时间大概为140US。
  35          * 输入 : 无
  36          * 输出 : 无
  37          ***********************************************************************/
  38          
  39          void delay_1()
  40          {
  41   1              int i,j;
  42   1              for(i=0; i<=10; i++)
  43   1              for(j=0; j<=2; j++)
  44   1      ;
  45   1      }
  46          
  47          /********************************************************************
  48          * 名称 : delay()
  49          * 功能 : 延时函数
  50          * 输入 : 无
  51          * 输出 : 无
  52          ***********************************************************************/
  53          void delay(uint N)
  54          {
  55   1              int i;
C51 COMPILER V9.01   红___度_人体红_                                                    11/23/2017 19:55:14 PAGE 2   

  56   1              for(i=0; i<N; i++)
  57   1              ;
  58   1      }
  59          
  60          /********************************************************************
  61          * 名称 : Delay_1ms()
  62          * 功能 : 延时子程序，延时时间为 1ms * x
  63          * 输入 : x (延时一毫秒的个数)
  64          * 输出 : 无
  65          ***********************************************************************/
  66          void Delay_1ms(uint i)//1ms延时
  67          {
  68   1              uchar x,j;
  69   1              for(j=0;j<i;j++)
  70   1              for(x=0;x<=148;x++);    
  71   1      }
  72          /********************************************************************
  73          * 名称 : Reset()
  74          * 功能 : 复位DS18B20
  75          * 输入 : 无
  76          * 输出 : 无
  77          ***********************************************************************/
  78          uchar Reset(void)
  79          {
  80   1              uchar deceive_ready;
  81   1              DQ = 0;
  82   1              delay(29);
  83   1              DQ = 1;
  84   1              delay(3);
  85   1              deceive_ready = DQ;
  86   1              delay(25);
  87   1              return(deceive_ready);
  88   1      }
  89          
  90          /********************************************************************
  91          * 名称 : read_bit()
  92          * 功能 : 从DS18B20读一个位值
  93          * 输入 : 无
  94          * 输出 : 从DS18B20读出的一个位值
  95          ***********************************************************************/
  96          uchar read_bit(void)
  97          {
  98   1              uchar i;
  99   1              DQ = 0;
 100   1              DQ = 1;
 101   1              for(i=0; i<3; i++);
 102   1              return(DQ);
 103   1      }
 104          
 105          /********************************************************************
 106          * 名称 : write_bit()
 107          * 功能 : 向DS18B20写一位
 108          * 输入 : bitval（要对DS18B20写入的位值）
 109          * 输出 : 无
 110          ***********************************************************************/
 111          void write_bit(uchar bitval)
 112          {
 113   1      DQ=0;if(bitval==1)
 114   1      DQ=1;
 115   1      delay(5);
 116   1      DQ=1;
 117   1      }
C51 COMPILER V9.01   红___度_人体红_                                                    11/23/2017 19:55:14 PAGE 3   

 118          
 119          /********************************************************************
 120          * 名称 : read_byte()
 121          * 功能 : 从DS18B20读一个字节
 122          * 输入 : 无
 123          * 输出 : 从DS18B20读到的值
 124          ***********************************************************************/
 125          uchar read_byte(void)
 126          {
 127   1              uchar i,m,receive_data;
 128   1              m = 1;
 129   1              receive_data = 0;
 130   1              for(i=0; i<8; i++)
 131   1              {
 132   2                      if(read_bit())
 133   2                      {
 134   3                              receive_data = receive_data + (m << i);
 135   3                      }
 136   2                      delay(6);
 137   2              }
 138   1              return(receive_data);
 139   1      }
 140          
 141          /********************************************************************
 142          * 名称 : write_byte()
 143          * 功能 : 向DS18B20写一个字节
 144          * 输入 : val（要对DS18B20写入的命令值）
 145          * 输出 : 无
 146          ***********************************************************************/
 147          void write_byte(uchar val)
 148          {
 149   1              uchar i,temp;
 150   1              for(i=0; i<8; i++)
 151   1              {
 152   2                      temp = val >> i;
 153   2                      temp = temp & 0x01;
 154   2                      write_bit(temp);
 155   2                      delay(5);
 156   2              }
 157   1      }
 158          
 159          //写指令
 160          void WriteCommandLCM(unsigned char ch)
 161          {
 162   1         RS=0;
 163   1         RW=0;
 164   1         E=1;
 165   1         LCM_Data=ch;
 166   1         delay(1);
 167   1         E=0;
 168   1         delay(100);  //delay 40us
 169   1      }
 170          
 171          //写数据
 172          void WriteDataLCM(unsigned char ch)
 173          {  RS=1;
 174   1         RW=0;
 175   1         E=1;
 176   1         LCM_Data=ch;
 177   1         delay(1);
 178   1         E=0;
 179   1         delay(100); //delay 40us
C51 COMPILER V9.01   红___度_人体红_                                                    11/23/2017 19:55:14 PAGE 4   

 180   1      }
 181          
 182          void DisplayOneChar(uchar X,uchar Y,uchar DData)
 183          {                                               
 184   1              Y&=1;                                           
 185   1              X&=15;                                          
 186   1              if(Y)X|=0x40;                                   
 187   1              X|=0x80;                        
 188   1              WriteCommandLCM(X);             
 189   1              WriteDataLCM(DData);            
 190   1      }                               
 191          
 192          /*******************************************************************/
 193          /*  LCD初始化设定                                                  */
 194          /*******************************************************************/
 195          void InitLcd()
 196          {
 197   1       WriteCommandLCM(0x30);          //功能设置，设置8位数据接口，
 198   1       WriteCommandLCM(0x30);
 199   1       WriteCommandLCM(0x30);
 200   1       WriteCommandLCM(0x38); //设置工作方式,8位数据接口，两行显示，5*7点阵
 201   1       WriteCommandLCM(0x08); //关显示，关闭显示，关闭光标，关闭闪烁
 202   1       WriteCommandLCM(0x0c); //显示状态设置，开显示，关闭光标与闪烁
 203   1       WriteCommandLCM(0x01); //清屏
 204   1       WriteCommandLCM(0x06); //输入方式设置 ,AC自动增一，画面不动
 205   1      }
 206          
 207          /********************************************************************
 208          * 名称 : Main()
 209          * 功能 : 主函数
 210          * 输入 : 无
 211          * 输出 : 无
 212          ***********************************************************************/
 213          void main()
 214          {
 215   1              //float tt;
 216   1              uint temp;
 217   1              uchar m;
 218   1      
 219   1              P2 = 0x00;    
 220   1          IRIN=1;                    //I/O口初始化
 221   1      
 222   1          delay(10);                 //延时
 223   1          InitLcd();                //初始化LCD             
 224   1      
 225   1           m = 0;
 226   1          while(cdis1[m] != '\0')
 227   1           {                         //显示字符
 228   2             WriteDataLCM(cdis1[m]);
 229   2             m++;
 230   2           }
 231   1      
 232   1          //lcd_pos(0x40);             //设置显示位置为第二行第1个字符
 233   1              WriteCommandLCM(0x40 | 0x80);
 234   1           m = 0;
 235   1          while(cdis2[m] != '\0')
 236   1           {
 237   2             WriteDataLCM(cdis2[m]);      //显示字符
 238   2             m++;
 239   2           }
 240   1         
 241   1      
C51 COMPILER V9.01   红___度_人体红_                                                    11/23/2017 19:55:14 PAGE 5   

 242   1              IE = 0x81;                 //允许总中断中断,使能 INT0 外部中断
 243   1              TCON = 0x01;               //触发方式为脉冲负边沿触发
 244   1              
 245   1              while(1)
 246   1              {
 247   2                      Reset();
 248   2                      write_byte(jump_ROM);
 249   2                      write_byte(start);
 250   2                      Reset();
 251   2                      write_byte(jump_ROM);
 252   2                      write_byte(read_EEROM);
 253   2                      TMPL = read_byte();
 254   2                      TMPH = read_byte();
 255   2                      temp = TMPL / 16 + TMPH * 16;
 256   2                      P0 = table[temp/10%10];
 257   2                      P2 = 6;
 258   2                      Delay_1ms(5);
 259   2                      P0 = table[temp%10];
 260   2                      P2 = 7;
 261   2                      Delay_1ms(5);
 262   2              }
 263   1      }
 264          
 265          
 266          /**********************************************************/
 267          void IR_IN() interrupt 0 using 0
 268          {
 269   1        unsigned char j,k,N=0;
 270   1           EX0 = 0;   
 271   1               delay(200);
 272   1               if (IRIN==1) 
 273   1           { EX0 =1;
 274   2                 return;
 275   2                } 
 276   1                                 //确认IR信号出现
 277   1        while (!IRIN)            //等IR变为高电平，跳过9ms的前导低电平信号。
 278   1          {delay(13);}
 279   1      
 280   1       for (j=0;j<4;j++)         //收集四组数据
 281   1       { 
 282   2        for (k=0;k<8;k++)        //每组数据有8位
 283   2        {
 284   3         while (IRIN)            //等 IR 变为低电平，跳过4.5ms的前导高电平信号。
 285   3           {delay(13);}
 286   3          while (!IRIN)          //等 IR 变为高电平
 287   3           {delay(13);}
 288   3           while (IRIN)           //计算IR高电平时长
 289   3            {
 290   4         delay(13);
 291   4          N++;           
 292   4          if (N>=30)
 293   4               { EX0=1;
 294   5               return;}                  //0.14ms计数过长自动离开。
 295   4            }                        //高电平计数完毕                
 296   3           IRCOM[j]=IRCOM[j] >> 1;                  //数据最高位补“0”
 297   3           if (N>=8) {IRCOM[j] = IRCOM[j] | 0x80;}  //数据最高位补“1”
 298   3           N=0;
 299   3        }//end for k
 300   2       }//end for j
 301   1         
 302   1         if (IRCOM[2]!=~IRCOM[3])
 303   1         { EX0=1;
C51 COMPILER V9.01   红___度_人体红_                                                    11/23/2017 19:55:14 PAGE 6   

 304   2           return; }
 305   1      
 306   1         IRCOM[5]=IRCOM[2] & 0x0F;     //取键码的低四位
 307   1         IRCOM[6]=IRCOM[2] >> 4;       //右移4次，高四位变为低四位
 308   1      
 309   1         if(IRCOM[5]>9)
 310   1          { IRCOM[5]=IRCOM[5]+0x37;}
 311   1         else
 312   1                IRCOM[5]=IRCOM[5]+0x30;
 313   1      
 314   1         if(IRCOM[6]>9)
 315   1          { IRCOM[6]=IRCOM[6]+0x37;}
 316   1         else
 317   1                IRCOM[6]=IRCOM[6]+0x30;
 318   1      
 319   1                 
 320   1           DisplayOneChar(10,1,IRCOM[6]);          //第一位数显示         
 321   1           DisplayOneChar(11,1,IRCOM[5]);        //第二位数显示
 322   1      
 323   1           EX0 = 1; 
 324   1      } 


MODULE INFORMATION:   STATIC OVERLAYABLE
   CODE SIZE        =    718    ----
   CONSTANT SIZE    =     42    ----
   XDATA SIZE       =   ----    ----
   PDATA SIZE       =   ----    ----
   DATA SIZE        =      9       3
   IDATA SIZE       =   ----    ----
   BIT SIZE         =   ----    ----
END OF MODULE INFORMATION.


C51 COMPILATION COMPLETE.  0 WARNING(S),  0 ERROR(S)
