C51 COMPILER V7.06   ÊıÂë_Ü_ûÒş                                                            07/04/2010 11:38:45 PAGE 1   


C51 COMPILER V7.06, COMPILATION OF MODULE ÊıÂë_Ü_ûÒş
OBJECT MODULE PLACED IN .\obj\ÊıÂë¹ÜÏûÒş.obj
COMPILER INVOKED BY: d:\Keil\C51\BIN\C51.EXE ÊıÂë¹ÜÏûÒş.c BROWSE DEBUG OBJECTEXTEND PRINT(.\obj\ÊıÂë¹ÜÏûÒş.lst) OBJECT(.
                    -\obj\ÊıÂë¹ÜÏûÒş.obj)

stmt level    source

   1          /*-----------------------------------------------
   2            Ãû³Æ£º¶àÎ»ÊıÂë¹Ü¶¯Ì¬É¨ÃèÏÔÊ¾±ä»¯Êı¾İ ÊıÂë¹ÜÏûÒş
   3            ÂÛÌ³£ºwww.doflye.net
   4            ±àĞ´£ºshifang
   5            ÈÕÆÚ£º2009.5
   6            ĞŞ¸Ä£ºÎŞ
   7            ÄÚÈİ£º¶àÎ»ÊıÂë¹Ü·Ö±ğÏÔÊ¾²»Í¬Êı×Ö£¬ÕâÖÖÉ¨ÃèÏÔÊ¾·½Ê½³ÉÎª¶¯Ì¬É¨Ãè£¬²¢²»Í£±ä»¯¸³Öµ
   8                  µ±¸ßÎ»ÖµÎª0ÊÇ²»ÏÔÊ¾¸ÃÎ»£¬¼´ÏûÒş£¬ÈçÊı×Ö 0010£¬Êµ¼ÊÏÔÊ¾Îª10£¬Ç°2Î»0²»ÏÔÊ¾
   9          ------------------------------------------------*/
  10          #include<reg52.h> //°üº¬Í·ÎÄ¼ş£¬Ò»°ãÇé¿ö²»ĞèÒª¸Ä¶¯£¬Í·ÎÄ¼ş°üº¬ÌØÊâ¹¦ÄÜ¼Ä´æÆ÷µÄ¶¨Òå
  11          
  12          #define DataPort P0 //¶¨ÒåÊı¾İ¶Ë¿Ú ³ÌĞòÖĞÓöµ½DataPort ÔòÓÃP0 Ìæ»»
  13          sbit LATCH1=P2^2;//¶¨ÒåËø´æÊ¹ÄÜ¶Ë¿Ú ¶ÎËø´æ
  14          sbit LATCH2=P2^3;//                 Î»Ëø´æ
  15          
  16          unsigned char code dofly_DuanMa[10]={0x3f,0x06,0x5b,0x4f,0x66,0x6d,0x7d,0x07,0x7f,0x6f};// ÏÔÊ¾¶ÎÂëÖµ0~9
  17          unsigned char code dofly_WeiMa[]={0xfe,0xfd,0xfb,0xf7,0xef,0xdf,0xbf,0x7f};//·Ö±ğ¶ÔÓ¦ÏàÓ¦µÄÊıÂë¹ÜµãÁÁ,¼´Î»
             -Âë
  18          unsigned char TempData[8]; //´æ´¢ÏÔÊ¾ÖµµÄÈ«¾Ö±äÁ¿
  19          void Delay(unsigned int t); //º¯ÊıÉùÃ÷
  20          void Display(unsigned char FirstBit,unsigned char Num);
  21          /*------------------------------------------------
  22                              Ö÷º¯Êı
  23          ------------------------------------------------*/
  24          main()
  25          {
  26   1       unsigned int num;
  27   1       unsigned int j;
  28   1       while(1)
  29   1            {
  30   2                 j++;
  31   2                 if(j==10)  //¼ì²âµ±Ç°ÊıÖµÏÔÊ¾ÁËÒ»Ğ¡¶ÎÊ±¼äºó£¬ĞèÒªÏÔÊ¾µÄÊıÖµ¼Ó1£¬ÊµÏÖÊı¾İÏÔÊ¾µÄ±ä»¯
  32   2                   {
  33   3                        j=0;
  34   3                        num++;
  35   3                        if(num==10000)//ÓÃÓÚÏÔÊ¾0~9999
  36   3                          num=0;
  37   3                       }
  38   2             if(num<1000)    //Èç¹ûĞ¡ÓÚ1000ÔòÇ§Î»²»ÏÔÊ¾
  39   2                   TempData[0]=0;
  40   2                 else
  41   2                   TempData[0]=dofly_DuanMa[num/1000];//·Ö½âÏÔÊ¾ĞÅÏ¢£¬ÈçÒªÏÔÊ¾68£¬Ôò68/10=6  68%10=8 
  42   2                 if(num<100)    //Èç¹ûĞ¡ÓÚ100ÔòÇ§Î»ºÍ°ÙÎ»¶¼²»ÏÔÊ¾
  43   2                   TempData[1]=0;
  44   2                 else
  45   2                   TempData[1]=dofly_DuanMa[(num%1000)/100];
  46   2                 if(num<10)   //Èç¹ûĞ¡ÓÚ10£¬ÔòÇ§Î»¡¢°ÙÎ»ºÍÊ®Î»¶¼²»ÏÔÊ¾
  47   2                   TempData[2]=0;
  48   2                 else
  49   2                   TempData[2]=dofly_DuanMa[((num%1000)%100)/10];
  50   2                 TempData[3]=dofly_DuanMa[((num%1000)%100)%10];
  51   2                 Display(2,4);
  52   2            }
  53   1      }
C51 COMPILER V7.06   ÊıÂë_Ü_ûÒş                                                            07/04/2010 11:38:45 PAGE 2   

  54          /*------------------------------------------------
  55           ÑÓÊ±º¯Êı£¬º¬ÓĞÊäÈë²ÎÊı unsigned int t£¬ÎŞ·µ»ØÖµ
  56           unsigned int ÊÇ¶¨ÒåÎŞ·ûºÅÕûĞÎ±äÁ¿£¬ÆäÖµµÄ·¶Î§ÊÇ
  57           0~65535
  58          ------------------------------------------------*/
  59          void Delay(unsigned int t)
  60          {
  61   1       while(--t);
  62   1      }
  63          /*------------------------------------------------
  64           ÏÔÊ¾º¯Êı£¬ÓÃÓÚ¶¯Ì¬É¨ÃèÊıÂë¹Ü
  65           ÊäÈë²ÎÊı FirstBit ±íÊ¾ĞèÒªÏÔÊ¾µÄµÚÒ»Î»£¬Èç¸³Öµ2±íÊ¾´ÓµÚÈı¸öÊıÂë¹Ü¿ªÊ¼ÏÔÊ¾
  66           ÈçÊäÈë0±íÊ¾´ÓµÚÒ»¸öÏÔÊ¾¡£
  67           Num±íÊ¾ĞèÒªÏÔÊ¾µÄÎ»Êı£¬ÈçĞèÒªÏÔÊ¾99Á½Î»ÊıÖµÔò¸ÃÖµÊäÈë2
  68          ------------------------------------------------*/
  69          void Display(unsigned char FirstBit,unsigned char Num)
  70          {
  71   1            unsigned char i;
  72   1                
  73   1                for(i=0;i<Num;i++)
  74   1                 { 
  75   2                 DataPort=0;   //Çå¿ÕÊı¾İ£¬·ÀÖ¹ÓĞ½»ÌæÖØÓ°
  76   2             LATCH1=1;     //¶ÎËø´æ
  77   2             LATCH1=0;
  78   2      
  79   2             DataPort=dofly_WeiMa[i+FirstBit]; //È¡Î»Âë 
  80   2             LATCH2=1;     //Î»Ëø´æ
  81   2             LATCH2=0;
  82   2      
  83   2             DataPort=TempData[i]; //È¡ÏÔÊ¾Êı¾İ£¬¶ÎÂë
  84   2             LATCH1=1;     //¶ÎËø´æ
  85   2             LATCH1=0;
  86   2             
  87   2                 Delay(200); // É¨Ãè¼äÏ¶ÑÓÊ±£¬Ê±¼äÌ«³¤»áÉÁË¸£¬Ì«¶Ì»áÔì³ÉÖØÓ°
  88   2      
  89   2             }
  90   1      
  91   1      }


MODULE INFORMATION:   STATIC OVERLAYABLE
   CODE SIZE        =    322    ----
   CONSTANT SIZE    =     18    ----
   XDATA SIZE       =   ----    ----
   PDATA SIZE       =   ----    ----
   DATA SIZE        =      8       4
   IDATA SIZE       =   ----    ----
   BIT SIZE         =   ----    ----
END OF MODULE INFORMATION.


C51 COMPILATION COMPLETE.  0 WARNING(S),  0 ERROR(S)
