C51 COMPILER V7.06   MAIN                                                                  02/02/2012 14:34:16 PAGE 1   


C51 COMPILER V7.06, COMPILATION OF MODULE MAIN
OBJECT MODULE PLACED IN .\OBJ\main.obj
COMPILER INVOKED BY: d:\Keil\C51\BIN\C51.EXE main.c BROWSE DEBUG OBJECTEXTEND PRINT(.\LIST\main.lst) OBJECT(.\OBJ\main.o
                    -bj)

stmt level    source

   1           #include <reg52.h>
   2           #include <stdio.h>
   3           #include <math.h>
   4           #include "1602.h"
   5           #include "delay.h"
   6          
   7           sbit TRIG = P1^0 ;
   8           sbit ECHO = P1^1 ;
   9          
  10           unsigned char DisTempData[16];
  11          
  12          /*------------------------------------------------
  13                              定时器0初始化
  14          ------------------------------------------------*/
  15          void TIM0init(void)
  16          {
  17   1      
  18   1        TMOD|= 0x01;//定时器0工作方式1
  19   1        TH0=0x00;    
  20   1        TL0=0x00; 
  21   1        ET0=1;
  22   1        EA=1;
  23   1      }
  24          /*------------------------------------------------
  25                              主函数
  26          ------------------------------------------------*/
  27          main()
  28          {
  29   1        float S;       //距离变量
  30   1        TIM0init();    //初始化定时器0
  31   1        LCD_Init();    //初始化LCD
  32   1        LCD_Write_String(0,1,"LY-UR04 demo");
  33   1        while(1)
  34   1        {
  35   2      
  36   2         TRIG=1;       //触发信号是高电平脉冲，宽度大于10us
  37   2         DelayUs2x(10);
  38   2         TRIG=0;
  39   2         while(!ECHO); //等待高电平
  40   2         TR0=1;
  41   2         while(ECHO);  //等待低电平
  42   2         TR0=0;
  43   2         S=TH0*256+TL0;//取出定时器值高8位和低8位合并
  44   2         S=S/58;       //为什么除以58等于厘米，  Y米=（X秒*344）/2
  45   2                                   // X秒=（ 2*Y米）/344 -> X秒=0.0058*Y米 -> 厘米=微秒/58 
  46   2         TH0=0;
  47   2         TL0=0;        //清除定时器0寄存器中的值
  48   2         sprintf(DisTempData,"S=%6.2f CM     ",S);//打印输出结果
  49   2         LCD_Write_String(0,0,DisTempData);       //在液晶屏上显示
  50   2         DelayMs(250);                            //延时决定采样速度
  51   2            
  52   2        }
  53   1       }
  54          
C51 COMPILER V7.06   MAIN                                                                  02/02/2012 14:34:16 PAGE 2   

  55          /*------------------------------------------------
  56                           定时器中断子程序
  57          ------------------------------------------------*/
  58          void Timer0_isr(void) interrupt 1
  59          {
  60   1       ECHO=0;
  61   1      }


MODULE INFORMATION:   STATIC OVERLAYABLE
   CODE SIZE        =    151    ----
   CONSTANT SIZE    =     29    ----
   XDATA SIZE       =   ----    ----
   PDATA SIZE       =   ----    ----
   DATA SIZE        =     16       4
   IDATA SIZE       =   ----    ----
   BIT SIZE         =   ----    ----
END OF MODULE INFORMATION.


C51 COMPILATION COMPLETE.  0 WARNING(S),  0 ERROR(S)
