C51 COMPILER V7.06   MAIN                                                                  09/09/2012 23:33:53 PAGE 1   


C51 COMPILER V7.06, COMPILATION OF MODULE MAIN
OBJECT MODULE PLACED IN .\Obj\main.obj
COMPILER INVOKED BY: d:\Keil\C51\BIN\C51.EXE main.c BROWSE DEBUG OBJECTEXTEND PRINT(.\List\main.lst) OBJECT(.\Obj\main.o
                    -bj)

stmt level    source

   1          /*-----------------------------------------------
   2            名称：舵机控制        
   3            论坛：www.doflye.net
   4            编写：shifang
   5            日期：2009.5
   6            修改：无
   7            内容：舵机进行循环左右摇臂动作 20ms周期，高电平时间从0.5ms~2.5ms,最大范围，根据不同舵机调整
   8          ------------------------------------------------*/
   9          #include<reg52.h>
  10          #include "delay.h"
  11          
  12          sbit OUT = P0^0;
  13          
  14          unsigned char TH_H,TL_H,TH_L,TL_L;//
  15          
  16          /*------------------------------------------------
  17                              定时器初始化子程序
  18          ------------------------------------------------*/
  19          void Init_Timer0(void)
  20          {
  21   1       TMOD |= 0x01;    //使用模式1，16位定时器，使用"|"符号可以在使用多个定时器时不受影响    TOMD = TOMD | 0X01         
             -  
  22   1       TH0=0x00;            //给定初值，这里使用定时器最大值从0开始计数一直到65535溢出
  23   1       TL0=0x00;
  24   1       EA=1;            //总中断打开
  25   1       ET0=1;           //定时器中断打开
  26   1       TR0=1;           //定时器开关打开
  27   1      }
  28          /*------------------------------------------------
  29                           数据处理
  30          ------------------------------------------------*/
  31          void DataPro(unsigned int temp)
  32          {
  33   1               TH_H=(65536-temp)/256;
  34   1           TL_H=(65536-temp)%256;
  35   1               TH_L=(46536+temp)/256;
  36   1               TL_L=(46536+temp)%256;
  37   1      }
  38          /*------------------------------------------------
  39                           主程序
  40          ------------------------------------------------*/
  41          main()
  42          {
  43   1        unsigned int  temp=1500;
  44   1        bit flag=0;
  45   1        Init_Timer0();
  46   1        DataPro(temp);
  47   1      
  48   1        while(1)
  49   1           {
  50   2           while(!flag){
  51   3               if(temp<2300)
  52   3              temp+=10;
  53   3           else
C51 COMPILER V7.06   MAIN                                                                  09/09/2012 23:33:53 PAGE 2   

  54   3                flag=1;
  55   3               DelayMs(3);
  56   3               DataPro(temp);
  57   3                        }
  58   2               while(flag)
  59   2                 {
  60   3           if(temp>700)
  61   3              temp-=10;
  62   3           else
  63   3              flag=0;
  64   3               DelayMs(3);
  65   3               DataPro(temp);
  66   3                      }
  67   2           
  68   2               }
  69   1      }
  70          
  71          /*------------------------------------------------
  72                           定时器中断子程序
  73          ------------------------------------------------*/
  74          void Timer0_isr(void) interrupt 1
  75          {
  76   1      if(OUT)
  77   1       {
  78   2       TH0=TH_L;                //重新赋值
  79   2       TL0=TL_L;
  80   2       }
  81   1      else
  82   1       {
  83   2        TH0=TH_H;               //重新赋值
  84   2        TL0=TL_H;
  85   2        }
  86   1      OUT=!OUT;
  87   1      }
  88          
  89          


MODULE INFORMATION:   STATIC OVERLAYABLE
   CODE SIZE        =    264    ----
   CONSTANT SIZE    =   ----    ----
   XDATA SIZE       =   ----    ----
   PDATA SIZE       =   ----    ----
   DATA SIZE        =      4       4
   IDATA SIZE       =   ----    ----
   BIT SIZE         =   ----       1
END OF MODULE INFORMATION.


C51 COMPILATION COMPLETE.  0 WARNING(S),  0 ERROR(S)
