C51 COMPILER V9.01   LCD                                                                   11/23/2017 21:05:37 PAGE 1   


C51 COMPILER V9.01, COMPILATION OF MODULE LCD
OBJECT MODULE PLACED IN LCD.OBJ
COMPILER INVOKED BY: N:\keil\C51\BIN\C51.EXE LCD.C BROWSE DEBUG OBJECTEXTEND

line level    source

   1          //实验名称：字符型LCD接口实验 
   2          #include <reg51.h>
   3          #include  <math.h>    //Keil library  
   4          #include  <stdio.h>   //Keil library    
   5          #include  <INTRINS.H>
   6          
   7          sbit E=P2^3;
   8          sbit RW=P2^4;
   9          sbit RS=P2^5;
  10          
  11          #define LCM_Data  P0
  12          
  13          #define   uchar unsigned char
  14          #define   uint unsigned int     
  15          
  16          sbit      SCL=P1^0;      //IIC时钟引脚定义
  17          sbit      SDA=P1^1;      //IIC数据引脚定义
  18          
  19          sbit LED=P1^5;   
  20          sbit DOUT=P2^0;  
  21          
  22          #define   SlaveAddress   0x46 //定义器件在IIC总线中的从地址,根据ALT  ADDRESS地址引脚不同修改
  23                                        //ALT  ADDRESS引脚接地时地址为0x46，接电源时地址为0xB8
  24          typedef   unsigned char BYTE;
  25          typedef   unsigned short WORD;
  26          
  27          BYTE    BUF[8];                         //接收数据缓存区        
  28          uchar   ge,shi,bai,qian,wan;            //显示变量
  29          int     dis_data;                       //变量
  30          
  31          
  32          void delay3()
  33          {
  34   1      uchar m,n,s;
  35   1      for(m=20;m>0;m--)
  36   1      for(n=20;n>0;n--)
  37   1      for(s=248;s>0;s--);
  38   1      }
  39          //延时设置
  40          void Delay(unsigned int t)   // delay 40us
  41          {
  42   1       for(;t!=0;t--) ;
  43   1      }
  44          
  45          //写指令
  46          void WriteCommandLCM1(unsigned char ch)
  47          {
  48   1         RS=0;
  49   1         RW=0;
  50   1         E=1;
  51   1         LCM_Data=ch;
  52   1         Delay(1);
  53   1         E=0;
  54   1         Delay(100);  //delay 40us
  55   1      }
C51 COMPILER V9.01   LCD                                                                   11/23/2017 21:05:37 PAGE 2   

  56          
  57          //写数据
  58          void WriteDataLCM1(unsigned char ch)
  59          {  RS=1;
  60   1         RW=0;
  61   1         E=1;
  62   1         LCM_Data=ch;
  63   1         Delay(1);
  64   1         E=0;
  65   1         Delay(100); //delay 40us
  66   1      }
  67          
  68          void DisplayOneChar1(uchar X,uchar Y,uchar DData)
  69          {                                               
  70   1              Y&=1;                                           
  71   1              X&=15;                                          
  72   1              if(Y)X|=0x40;                                   
  73   1              X|=0x80;                        
  74   1              WriteCommandLCM1(X);            
  75   1              WriteDataLCM1(DData);           
  76   1      }                                       
  77          
  78          
  79          //*********************************************************
  80          void conversion(uint temp_data)  //  数据转换出 个，十，百，千，万
  81          {  
  82   1          wan=temp_data/10000+0x30 ;
  83   1          temp_data=temp_data%10000;   //取余运算
  84   1              qian=temp_data/1000+0x30 ;
  85   1          temp_data=temp_data%1000;    //取余运算
  86   1          bai=temp_data/100+0x30   ;
  87   1          temp_data=temp_data%100;     //取余运算
  88   1          shi=temp_data/10+0x30    ;
  89   1          temp_data=temp_data%10;      //取余运算
  90   1          ge=temp_data+0x30;  
  91   1      }
  92          
  93          //毫秒延时**************************
  94          void delay_nms1(unsigned int k) 
  95          {                                               
  96   1      unsigned int i,j;                               
  97   1      for(i=0;i<k;i++)
  98   1      {                       
  99   2      for(j=0;j<121;j++)                      
 100   2      {;}}                                            
 101   1      }
 102          
 103          /**************************************
 104          延时5微秒(STC90C52RC@12M)
 105          不同的工作环境,需要调整此函数，注意时钟过快时需要修改
 106          当改用1T的MCU时,请调整此延时函数
 107          **************************************/
 108          void Delay5us1()
 109          {
 110   1          _nop_();_nop_();_nop_();_nop_();
 111   1          _nop_();_nop_();_nop_();_nop_();
 112   1              _nop_();_nop_();_nop_();_nop_();
 113   1              _nop_();_nop_();_nop_();_nop_();
 114   1      }
 115          
 116          /**************************************
 117          延时5毫秒(STC90C52RC@12M)
C51 COMPILER V9.01   LCD                                                                   11/23/2017 21:05:37 PAGE 3   

 118          不同的工作环境,需要调整此函数
 119          当改用1T的MCU时,请调整此延时函数
 120          **************************************/
 121          void Delay5ms1()
 122          {
 123   1          WORD n = 560;
 124   1      
 125   1          while (n--);
 126   1      }
 127          
 128          /**************************************
 129          起始信号
 130          **************************************/
 131          void BH1750_Start()
 132          {
 133   1          SDA = 1;                    //拉高数据线
 134   1          SCL = 1;                    //拉高时钟线
 135   1          Delay5us1();                 //延时
 136   1          SDA = 0;                    //产生下降沿
 137   1          Delay5us1();                 //延时
 138   1          SCL = 0;                    //拉低时钟线
 139   1      }
 140          
 141          /**************************************
 142          停止信号
 143          **************************************/
 144          void BH1750_Stop()
 145          {
 146   1          SDA = 0;                    //拉低数据线
 147   1          SCL = 1;                    //拉高时钟线
 148   1          Delay5us1();                 //延时
 149   1          SDA = 1;                    //产生上升沿
 150   1          Delay5us1();                 //延时
 151   1      }
 152          
 153          /**************************************
 154          发送应答信号
 155          入口参数:ack (0:ACK 1:NAK)
 156          **************************************/
 157          void BH1750_SendACK(bit ack)
 158          {
 159   1          SDA = ack;                  //写应答信号
 160   1          SCL = 1;                    //拉高时钟线
 161   1          Delay5us1();                 //延时
 162   1          SCL = 0;                    //拉低时钟线
 163   1          Delay5us1();                 //延时
 164   1      }
 165          
 166          /**************************************
 167          接收应答信号
 168          **************************************/
 169          bit BH1750_RecvACK()
 170          {
 171   1          SCL = 1;                    //拉高时钟线
 172   1          Delay5us1();                 //延时
 173   1          CY = SDA;                   //读应答信号
 174   1          SCL = 0;                    //拉低时钟线
 175   1          Delay5us1();                 //延时
 176   1      
 177   1          return CY;
 178   1      }
 179          
C51 COMPILER V9.01   LCD                                                                   11/23/2017 21:05:37 PAGE 4   

 180          /**************************************
 181          向IIC总线发送一个字节数据
 182          **************************************/
 183          void BH1750_SendByte(BYTE dat)
 184          {
 185   1          BYTE i;
 186   1      
 187   1          for (i=0; i<8; i++)         //8位计数器
 188   1          {
 189   2              dat <<= 1;              //移出数据的最高位
 190   2              SDA = CY;               //送数据口
 191   2              SCL = 1;                //拉高时钟线
 192   2              Delay5us1();             //延时
 193   2              SCL = 0;                //拉低时钟线
 194   2              Delay5us1();             //延时
 195   2          }
 196   1          BH1750_RecvACK();
 197   1      }
 198          
 199          /**************************************
 200          从IIC总线接收一个字节数据
 201          **************************************/
 202          BYTE BH1750_RecvByte()
 203          {
 204   1          BYTE i;
 205   1          BYTE dat = 0;
 206   1      
 207   1          SDA = 1;                    //使能内部上拉,准备读取数据,
 208   1          for (i=0; i<8; i++)         //8位计数器
 209   1          {
 210   2              dat <<= 1;
 211   2              SCL = 1;                //拉高时钟线
 212   2              Delay5us1();             //延时
 213   2              dat |= SDA;             //读数据               
 214   2              SCL = 0;                //拉低时钟线
 215   2              Delay5us1();             //延时
 216   2          }
 217   1          return dat;
 218   1      }
 219          
 220          //*********************************
 221          
 222          void Single_Write_BH1750(uchar REG_Address)
 223          {
 224   1          BH1750_Start();                  //起始信号
 225   1          BH1750_SendByte(SlaveAddress);   //发送设备地址+写信号
 226   1          BH1750_SendByte(REG_Address);    //内部寄存器地址，
 227   1        //  BH1750_SendByte(REG_data);       //内部寄存器数据，
 228   1          BH1750_Stop();                   //发送停止信号
 229   1      }
 230          
 231          //********单字节读取*****************************************
 232          /*
 233          uchar Single_Read_BH1750(uchar REG_Address)
 234          {  uchar REG_data;
 235              BH1750_Start();                          //起始信号
 236              BH1750_SendByte(SlaveAddress);           //发送设备地址+写信号
 237              BH1750_SendByte(REG_Address);                   //发送存储单元地址，从0开始 
 238              BH1750_Start();                          //起始信号
 239              BH1750_SendByte(SlaveAddress+1);         //发送设备地址+读信号
 240              REG_data=BH1750_RecvByte();              //读出寄存器数据
 241                  BH1750_SendACK(1);   
C51 COMPILER V9.01   LCD                                                                   11/23/2017 21:05:37 PAGE 5   

 242                  BH1750_Stop();                           //停止信号
 243              return REG_data; 
 244          }
 245          */
 246          //*********************************************************
 247          //
 248          //连续读出BH1750内部数据
 249          //
 250          //*********************************************************
 251          void Multiple_read_BH1750(void)
 252          {   uchar i;    
 253   1          BH1750_Start();                          //起始信号
 254   1          BH1750_SendByte(SlaveAddress+1);         //发送设备地址+读信号
 255   1              
 256   1               for (i=0; i<3; i++)                      //连续读取2个地址数据，存储中BUF
 257   1          {
 258   2              BUF[i] = BH1750_RecvByte();          //BUF[0]存储0x32地址中的数据
 259   2              if (i == 3)
 260   2              {
 261   3      
 262   3                 BH1750_SendACK(1);                //最后一个数据需要回NOACK
 263   3              }
 264   2              else
 265   2              {               
 266   3                BH1750_SendACK(0);                //回应ACK
 267   3             }
 268   2         }
 269   1      
 270   1          BH1750_Stop();                          //停止信号
 271   1          Delay5ms1();
 272   1      }
 273          
 274          
 275          //初始化BH1750，根据需要请参考pdf进行修改****
 276          void Init_BH1750()
 277          {
 278   1         Single_Write_BH1750(0x01);  
 279   1      
 280   1      }
 281          
 282          
 283          
 284          //LCD初始化
 285          void InitLcd1()
 286          {WriteCommandLCM1(0x30);                 //功能设置，设置8位数据接口，
 287   1       WriteCommandLCM1(0x30);
 288   1       WriteCommandLCM1(0x30);
 289   1       WriteCommandLCM1(0x38);        //设置工作方式,8位数据接口，两行显示，5*7点阵
 290   1       WriteCommandLCM1(0x08);        //关显示，关闭显示，关闭光标，关闭闪烁
 291   1       WriteCommandLCM1(0x0c); //显示状态设置，开显示，关闭光标与闪烁
 292   1       WriteCommandLCM1(0x01); //清屏
 293   1       WriteCommandLCM1(0x06); //输入方式设置 ,AC自动增一，画面不动
 294   1      }
 295          
 296          
 297          
 298          //=============================================
 299          main()
 300          {
 301   1         float temp1;
 302   1         delay_nms1(100);         //延时100ms 
 303   1         InitLcd1();           //初始化LCD
C51 COMPILER V9.01   LCD                                                                   11/23/2017 21:05:37 PAGE 6   

 304   1         Init_BH1750();       //初始化BH1750  
 305   1         DOUT=1;
 306   1              LED=0; 
 307   1       
 308   1        while(1)              //循环
 309   1        { 
 310   2      
 311   2              if(DOUT==0)
 312   2               {
 313   3                       delay3();
 314   3      
 315   3                       if(DOUT==0)
 316   3                  {
 317   4                         LED=1;          
 318   4                               delay3();
 319   4                               DOUT=1;
 320   4                               LED=0;
 321   4                       }
 322   3       }
 323   2          Single_Write_BH1750(0x01);   // power on
 324   2          Single_Write_BH1750(0x10);   // H- resolution mode
 325   2      
 326   2           delay_nms1(180);              //延时180ms
 327   2      
 328   2           Multiple_read_BH1750();       //连续读出数据，存储在BUF中
 329   2      
 330   2          dis_data=BUF[0];
 331   2          dis_data=(dis_data<<8)+BUF[1];//合成数据，即光照数据
 332   2          
 333   2          temp1=(float)dis_data/1.2;
 334   2      
 335   2          conversion(temp1);         //计算数据和显示
 336   2              DisplayOneChar1(0,0,'L'); 
 337   2              DisplayOneChar1(1,0,'i'); 
 338   2              DisplayOneChar1(2,0,'g'); 
 339   2              DisplayOneChar1(3,0,'h'); 
 340   2              DisplayOneChar1(4,0,'t'); 
 341   2          DisplayOneChar1(5,0,':'); 
 342   2      
 343   2          DisplayOneChar1(7,0,wan); //显示数据
 344   2          DisplayOneChar1(8,0,qian);  
 345   2          DisplayOneChar1(9,0,bai); 
 346   2          DisplayOneChar1(10,0,shi); 
 347   2              DisplayOneChar1(11,0,ge); 
 348   2      
 349   2              DisplayOneChar1(13,0,'L'); ////显示数单位
 350   2              DisplayOneChar1(14,0,'X');  
 351   2                  
 352   2        }
 353   1      }
 354                  


MODULE INFORMATION:   STATIC OVERLAYABLE
   CODE SIZE        =    719    ----
   CONSTANT SIZE    =   ----    ----
   XDATA SIZE       =   ----    ----
   PDATA SIZE       =   ----    ----
   DATA SIZE        =     15       4
   IDATA SIZE       =   ----    ----
   BIT SIZE         =   ----       1
END OF MODULE INFORMATION.

C51 COMPILER V9.01   LCD                                                                   11/23/2017 21:05:37 PAGE 7   


C51 COMPILATION COMPLETE.  0 WARNING(S),  0 ERROR(S)
