C51 COMPILER V8.02   红外解码1602__显_                                                  09/18/2010 23:36:44 PAGE 1   


C51 COMPILER V8.02, COMPILATION OF MODULE 红外解码1602__显_
OBJECT MODULE PLACED IN .\obj\红外解码1602液晶显示.obj
COMPILER INVOKED BY: C:\Keil\C51\BIN\C51.EXE 红外解码1602液晶显示.c BROWSE DEBUG OBJECTEXTEND PRINT(.\obj\红外解码1602液
                    -晶显示.lst) OBJECT(.\obj\红外解码1602液晶显示.obj)

line level    source

   1          /*-----------------------------------------------
   2            名称：遥控器红外解码数液晶显示
   3            论坛：www.doflye.net
   4            编写：shifang
   5            日期：2009.5
   6            修改：无
   7            内容：按配套遥控器按键，液晶显示4组码值，分别是用户码 用户码 数据码 数据反码
   8                  显示如下：
   9                           www.doflye.net
  10                           Code:1E-1E-00-FF
  11          ------------------------------------------------*/
  12          #include<reg52.h>    //包含头文件，一般情况不需要改动，头文件包含特殊功能寄存器的定义
  13          #include"1602.h"
  14          #include"delay.h"
  15          
  16          sbit IR=P3^2;  //红外接口标志
  17          
  18          char code Tab[16]="0123456789ABCDEF";
  19          /*------------------------------------------------
  20                          全局变量声明
  21          ------------------------------------------------*/
  22          
  23          unsigned char  irtime;//红外用全局变量
  24          
  25          bit irpro_ok,irok;
  26          unsigned char IRcord[4];
  27          unsigned char irdata[33];
  28          
  29          unsigned char TempData[16];
  30          /*------------------------------------------------
  31                            函数声明
  32          ------------------------------------------------*/
  33          void Ir_work(void);
  34          void Ircordpro(void);
  35          
  36          /*------------------------------------------------
  37                            定时器0中断处理
  38          ------------------------------------------------*/
  39          
  40          void tim0_isr (void) interrupt 1 using 1
  41          {
  42   1        irtime++;  //用于计数2个下降沿之间的时间
  43   1      }
  44          
  45          /*------------------------------------------------
  46                            外部中断0中断处理
  47          ------------------------------------------------*/
  48          void EX0_ISR (void) interrupt 0 //外部中断0服务函数
  49          {
  50   1        static unsigned char  i;             //接收红外信号处理
  51   1        static bit startflag;                //是否开始处理标志位
  52   1      
  53   1      if(startflag)                         
  54   1         {
C51 COMPILER V8.02   红外解码1602__显_                                                  09/18/2010 23:36:44 PAGE 2   

  55   2          if(irtime<63&&irtime>=33)//引导码 TC9012的头码，9ms+4.5ms
  56   2                              i=0;
  57   2                      irdata[i]=irtime;//存储每个电平的持续时间，用于以后判断是0还是1
  58   2                      irtime=0;
  59   2                      i++;
  60   2                               if(i==33)
  61   2                              {
  62   3                                       irok=1;
  63   3                                       i=0;
  64   3                                      }
  65   2                }
  66   1               else
  67   1                      {
  68   2                      irtime=0;
  69   2                      startflag=1;
  70   2                      }
  71   1      
  72   1      }
  73          
  74          /*------------------------------------------------
  75                          定时器0初始化
  76          ------------------------------------------------*/
  77          void TIM0init(void)//定时器0初始化
  78          {
  79   1      
  80   1        TMOD=0x02;//定时器0工作方式2，TH0是重装值，TL0是初值
  81   1        TH0=0x00; //重载值
  82   1        TL0=0x00; //初始化值
  83   1        ET0=1;    //开中断
  84   1        TR0=1;    
  85   1      }
  86          /*------------------------------------------------
  87                            外部中断0初始化
  88          ------------------------------------------------*/
  89          void EX0init(void)
  90          {
  91   1       IT0 = 1;   //指定外部中断0下降沿触发，INT0 (P3.2)
  92   1       EX0 = 1;   //使能外部中断
  93   1       EA = 1;    //开总中断
  94   1      }
  95          /*------------------------------------------------
  96                            键值处理
  97          ------------------------------------------------*/
  98          
  99          void Ir_work(void)
 100          {
 101   1             TempData[0] = Tab[IRcord[0]/16];   //处理客户码
 102   1                 TempData[1] = Tab[IRcord[0]%16];
 103   1             TempData[2] = '-';
 104   1                 TempData[3] = Tab[IRcord[1]/16];   //处理客户码
 105   1                 TempData[4] = Tab[IRcord[1]%16];
 106   1                 TempData[5] = '-';
 107   1                 TempData[6] = Tab[IRcord[2]/16];   //处理数据码
 108   1                 TempData[7] = Tab[IRcord[2]%16];
 109   1                 TempData[8] = '-';
 110   1                 TempData[9] = Tab[IRcord[3]/16];   //处理数据反码
 111   1                 TempData[10] = Tab[IRcord[3]%16];
 112   1      
 113   1             LCD_Write_String(5,1,TempData);
 114   1      
 115   1                 irpro_ok=0;//处理完成标志
 116   1      
C51 COMPILER V8.02   红外解码1602__显_                                                  09/18/2010 23:36:44 PAGE 3   

 117   1        }
 118          /*------------------------------------------------
 119                          红外码值处理
 120          ------------------------------------------------*/
 121          void Ircordpro(void)//红外码值处理函数
 122          { 
 123   1        unsigned char i, j, k;
 124   1        unsigned char cord,value;
 125   1      
 126   1        k=1;
 127   1        for(i=0;i<4;i++)      //处理4个字节
 128   1           {
 129   2            for(j=1;j<=8;j++) //处理1个字节8位
 130   2               {
 131   3                cord=irdata[k];
 132   3                if(cord>7)//大于某值为1，这个和晶振有绝对关系，这里使用12M计算，此值可以有一定误差
 133   3                   value|=0x80;
 134   3                if(j<8)
 135   3                          {
 136   4                               value>>=1;
 137   4                              }
 138   3                 k++;
 139   3               }
 140   2           IRcord[i]=value;
 141   2           value=0;     
 142   2           } 
 143   1               irpro_ok=1;//处理完毕标志位置1
 144   1      }
 145          
 146          /*------------------------------------------------
 147                              主函数
 148          ------------------------------------------------*/
 149          void main(void)
 150          {
 151   1       EX0init();            //初始化外部中断
 152   1       TIM0init();           //初始化定时器
 153   1      
 154   1       LCD_Init();           //初始化液晶
 155   1       DelayMs(20);          //延时有助于稳定
 156   1       LCD_Clear();          //清屏
 157   1      
 158   1       LCD_Write_String(0,0,"www.doflye.net");
 159   1       LCD_Write_String(0,1,"Code:");
 160   1      
 161   1       while(1)//主循环
 162   1         {
 163   2          if(irok)                        //如果接收好了进行红外处理
 164   2                {   
 165   3                 Ircordpro();
 166   3                 irok=0;
 167   3                }
 168   2      
 169   2          if(irpro_ok)                   //如果处理好后进行工作处理，如按对应的按键后显示对应的数字等
 170   2                {
 171   3                 Ir_work();
 172   3                }
 173   2         }
 174   1      }
 175            
 176            


C51 COMPILER V8.02   红外解码1602__显_                                                  09/18/2010 23:36:44 PAGE 4   

MODULE INFORMATION:   STATIC OVERLAYABLE
   CODE SIZE        =    283    ----
   CONSTANT SIZE    =     37    ----
   XDATA SIZE       =   ----    ----
   PDATA SIZE       =   ----    ----
   DATA SIZE        =     55    ----
   IDATA SIZE       =   ----    ----
   BIT SIZE         =      3    ----
END OF MODULE INFORMATION.


C51 COMPILATION COMPLETE.  0 WARNING(S),  0 ERROR(S)
