C51 COMPILER V7.06   数码_苌了_                                                            06/15/2010 18:07:43 PAGE 1   


C51 COMPILER V7.06, COMPILATION OF MODULE 数码_苌了_
OBJECT MODULE PLACED IN .\obj\数码管闪烁.obj
COMPILER INVOKED BY: d:\Keil\C51\BIN\C51.EXE 数码管闪烁.c BROWSE DEBUG OBJECTEXTEND PRINT(.\obj\数码管闪烁.lst) OBJECT(.
                    -\obj\数码管闪烁.obj)

stmt level    source

   1          /*-----------------------------------------------
   2            名称：8位数码管动态扫描显示
   3            论坛：www.doflye.net
   4            编写：shifang
   5            日期：2009.5
   6            修改：无
   7            内容：8位数码管分别显示不同数字，这种扫描显示方式成为动态扫描
   8          ------------------------------------------------*/
   9          #include<reg52.h> //包含头文件，一般情况不需要改动，头文件包含特殊功能寄存器的定义
  10          
  11          #define DataPort P0 //定义数据端口 程序中遇到DataPort 则用P0 替换
  12          sbit LATCH1=P2^2;//定义锁存使能端口 段锁存
  13          sbit LATCH2=P2^3;//                 位锁存
  14          
  15          unsigned char code dofly_DuanMa[]={0x3f,0x06,0x5b,0x4f,0x66,0x6d,0x7d,0x07,0x7f,0x6f};// 显示段码值0123456
             -7
  16          unsigned char code dofly_WeiMa[]={0xfe,0xfd,0xfb,0xf7,0xef,0xdf,0xbf,0x7f};//分别对应相应的数码管点亮,即位
             -码
  17          
  18          void Delay(unsigned int t); //函数声明
  19          
  20          /*------------------------------------------------
  21                              主函数
  22          ------------------------------------------------*/
  23          main()
  24          {
  25   1       unsigned char i=0,j;
  26   1       unsigned char Flag;
  27   1       while(1)
  28   1            {
  29   2                 DataPort=dofly_WeiMa[i]; //取位码 
  30   2             LATCH2=1;     //位锁存
  31   2             LATCH2=0;
  32   2             if(Flag)  //判断是否是闪烁标志？
  33   2               DataPort=dofly_DuanMa[i]; //取显示数据，段码 正常显示
  34   2                 else
  35   2                   DataPort=0; //不显示
  36   2             LATCH1=1;     //段锁存
  37   2             LATCH1=0;
  38   2      
  39   2                 Delay(200); //扫描间隙延时，时间太长会闪烁，太短会造成重影
  40   2                 i++;
  41   2                 if(8==i)    //检测8位扫描完全结束？如扫描完成则从第一个开始再次扫描8位
  42   2                   i=0;
  43   2                 j++;
  44   2                 if(200==j)  //延时闪烁时间
  45   2                 {
  46   3                  j=0;
  47   3              Flag=!Flag;
  48   3                 }
  49   2            }
  50   1      }
  51          /*------------------------------------------------
  52           延时函数，含有输入参数 unsigned int t，无返回值
C51 COMPILER V7.06   数码_苌了_                                                            06/15/2010 18:07:43 PAGE 2   

  53           unsigned int 是定义无符号整形变量，其值的范围是
  54           0~65535
  55          ------------------------------------------------*/
  56          void Delay(unsigned int t)
  57          {
  58   1       while(--t);
  59   1      }


MODULE INFORMATION:   STATIC OVERLAYABLE
   CODE SIZE        =     87    ----
   CONSTANT SIZE    =     18    ----
   XDATA SIZE       =   ----    ----
   PDATA SIZE       =   ----    ----
   DATA SIZE        =   ----       3
   IDATA SIZE       =   ----    ----
   BIT SIZE         =   ----    ----
END OF MODULE INFORMATION.


C51 COMPILATION COMPLETE.  0 WARNING(S),  0 ERROR(S)
